::1 - - [05/Dec/2020:15:27:44 +0700] "GET /demo HTTP/1.1" 301 564 "-" "Mozilla/5.0 (X11; Linux x86_64) AppleWebKit/537.36 (KHTML, like Gecko) Chrome/87.0.4280.88 Safari/537.36"
::1 - - [05/Dec/2020:15:27:44 +0700] "GET /demo/ HTTP/1.1" 200 276 "-" "Mozilla/5.0 (X11; Linux x86_64) AppleWebKit/537.36 (KHTML, like Gecko) Chrome/87.0.4280.88 Safari/537.36"
::1 - - [05/Dec/2020:15:27:44 +0700] "GET /favicon.ico HTTP/1.1" 404 487 "http://localhost/demo/" "Mozilla/5.0 (X11; Linux x86_64) AppleWebKit/537.36 (KHTML, like Gecko) Chrome/87.0.4280.88 Safari/537.36"
::1 - - [05/Dec/2020:15:27:51 +0700] "GET / HTTP/1.1" 200 3477 "-" "Mozilla/5.0 (X11; Linux x86_64) AppleWebKit/537.36 (KHTML, like Gecko) Chrome/87.0.4280.88 Safari/537.36"
::1 - - [05/Dec/2020:15:27:51 +0700] "GET /icons/ubuntu-logo.png HTTP/1.1" 200 3623 "http://localhost/" "Mozilla/5.0 (X11; Linux x86_64) AppleWebKit/537.36 (KHTML, like Gecko) Chrome/87.0.4280.88 Safari/537.36"
::1 - - [05/Dec/2020:15:28:07 +0700] "GET /demo/index HTTP/1.1" 404 488 "-" "Mozilla/5.0 (X11; Linux x86_64) AppleWebKit/537.36 (KHTML, like Gecko) Chrome/87.0.4280.88 Safari/537.36"
::1 - - [05/Dec/2020:15:28:14 +0700] "GET /index HTTP/1.1" 404 488 "-" "Mozilla/5.0 (X11; Linux x86_64) AppleWebKit/537.36 (KHTML, like Gecko) Chrome/87.0.4280.88 Safari/537.36"
::1 - - [05/Dec/2020:15:28:27 +0700] "GET /demo/ HTTP/1.1" 304 180 "-" "Mozilla/5.0 (X11; Linux x86_64) AppleWebKit/537.36 (KHTML, like Gecko) Chrome/87.0.4280.88 Safari/537.36"
::1 - - [05/Dec/2020:15:29:03 +0700] "GET /demo/ HTTP/1.1" 200 601 "-" "Mozilla/5.0 (X11; Linux x86_64) AppleWebKit/537.36 (KHTML, like Gecko) Chrome/87.0.4280.88 Safari/537.36"
::1 - - [07/Dec/2020:08:42:13 +0700] "GET /xcript/index.php HTTP/1.1" 404 488 "-" "Mozilla/5.0 (X11; Linux x86_64) AppleWebKit/537.36 (KHTML, like Gecko) Chrome/87.0.4280.88 Safari/537.36"
::1 - - [07/Dec/2020:08:42:13 +0700] "GET /favicon.ico HTTP/1.1" 404 487 "http://localhost/xcript/index.php" "Mozilla/5.0 (X11; Linux x86_64) AppleWebKit/537.36 (KHTML, like Gecko) Chrome/87.0.4280.88 Safari/537.36"
::1 - - [07/Dec/2020:08:42:22 +0700] "GET /xcript/index.php HTTP/1.1" 404 488 "-" "Mozilla/5.0 (X11; Linux x86_64) AppleWebKit/537.36 (KHTML, like Gecko) Chrome/87.0.4280.88 Safari/537.36"
::1 - - [07/Dec/2020:08:42:23 +0700] "GET /xcript/index.php HTTP/1.1" 404 488 "-" "Mozilla/5.0 (X11; Linux x86_64) AppleWebKit/537.36 (KHTML, like Gecko) Chrome/87.0.4280.88 Safari/537.36"
::1 - - [07/Dec/2020:08:42:23 +0700] "GET /xcript/index.php HTTP/1.1" 404 487 "-" "Mozilla/5.0 (X11; Linux x86_64) AppleWebKit/537.36 (KHTML, like Gecko) Chrome/87.0.4280.88 Safari/537.36"
::1 - - [07/Dec/2020:08:42:23 +0700] "GET /xcript/index.php HTTP/1.1" 404 487 "-" "Mozilla/5.0 (X11; Linux x86_64) AppleWebKit/537.36 (KHTML, like Gecko) Chrome/87.0.4280.88 Safari/537.36"
::1 - - [07/Dec/2020:08:42:44 +0700] "GET /xcript/index.php HTTP/1.1" 404 488 "-" "Mozilla/5.0 (X11; Linux x86_64) AppleWebKit/537.36 (KHTML, like Gecko) Chrome/87.0.4280.88 Safari/537.36"
::1 - - [07/Dec/2020:08:42:44 +0700] "GET /xcript/index.php HTTP/1.1" 404 487 "-" "Mozilla/5.0 (X11; Linux x86_64) AppleWebKit/537.36 (KHTML, like Gecko) Chrome/87.0.4280.88 Safari/537.36"
::1 - - [07/Dec/2020:08:49:07 +0700] "GET /xcript/index.php HTTP/1.1" 404 488 "-" "Mozilla/5.0 (X11; Linux x86_64) AppleWebKit/537.36 (KHTML, like Gecko) Chrome/87.0.4280.88 Safari/537.36"
::1 - - [07/Dec/2020:08:50:09 +0700] "GET /xcr/index.php HTTP/1.1" 404 488 "-" "Mozilla/5.0 (X11; Linux x86_64) AppleWebKit/537.36 (KHTML, like Gecko) Chrome/87.0.4280.88 Safari/537.36"
::1 - - [07/Dec/2020:08:50:42 +0700] "GET /xcript/index.php HTTP/1.1" 404 488 "-" "Mozilla/5.0 (X11; Linux x86_64) AppleWebKit/537.36 (KHTML, like Gecko) Chrome/87.0.4280.88 Safari/537.36"
::1 - - [07/Dec/2020:08:50:45 +0700] "GET /xcript/index.php HTTP/1.1" 404 487 "-" "Mozilla/5.0 (X11; Linux x86_64) AppleWebKit/537.36 (KHTML, like Gecko) Chrome/87.0.4280.88 Safari/537.36"
::1 - - [07/Dec/2020:08:50:45 +0700] "GET /xcript/index.php HTTP/1.1" 404 487 "-" "Mozilla/5.0 (X11; Linux x86_64) AppleWebKit/537.36 (KHTML, like Gecko) Chrome/87.0.4280.88 Safari/537.36"
::1 - - [07/Dec/2020:08:50:45 +0700] "GET /xcript/index.php HTTP/1.1" 404 487 "-" "Mozilla/5.0 (X11; Linux x86_64) AppleWebKit/537.36 (KHTML, like Gecko) Chrome/87.0.4280.88 Safari/537.36"
::1 - - [07/Dec/2020:08:50:45 +0700] "GET /xcript/index.php HTTP/1.1" 404 487 "-" "Mozilla/5.0 (X11; Linux x86_64) AppleWebKit/537.36 (KHTML, like Gecko) Chrome/87.0.4280.88 Safari/537.36"
::1 - - [07/Dec/2020:08:50:46 +0700] "GET /xcript/index.php HTTP/1.1" 404 487 "-" "Mozilla/5.0 (X11; Linux x86_64) AppleWebKit/537.36 (KHTML, like Gecko) Chrome/87.0.4280.88 Safari/537.36"
::1 - - [07/Dec/2020:08:50:46 +0700] "GET /xcript/index.php HTTP/1.1" 404 487 "-" "Mozilla/5.0 (X11; Linux x86_64) AppleWebKit/537.36 (KHTML, like Gecko) Chrome/87.0.4280.88 Safari/537.36"
::1 - - [07/Dec/2020:08:50:46 +0700] "GET /xcript/index.php HTTP/1.1" 404 487 "-" "Mozilla/5.0 (X11; Linux x86_64) AppleWebKit/537.36 (KHTML, like Gecko) Chrome/87.0.4280.88 Safari/537.36"
::1 - - [07/Dec/2020:08:50:46 +0700] "GET /xcript/index.php HTTP/1.1" 404 487 "-" "Mozilla/5.0 (X11; Linux x86_64) AppleWebKit/537.36 (KHTML, like Gecko) Chrome/87.0.4280.88 Safari/537.36"
::1 - - [07/Dec/2020:08:50:46 +0700] "GET /xcript/index.php HTTP/1.1" 404 487 "-" "Mozilla/5.0 (X11; Linux x86_64) AppleWebKit/537.36 (KHTML, like Gecko) Chrome/87.0.4280.88 Safari/537.36"
::1 - - [07/Dec/2020:08:50:47 +0700] "GET /xcript/index.php HTTP/1.1" 404 487 "-" "Mozilla/5.0 (X11; Linux x86_64) AppleWebKit/537.36 (KHTML, like Gecko) Chrome/87.0.4280.88 Safari/537.36"
::1 - - [07/Dec/2020:08:50:47 +0700] "GET /xcript/index.php HTTP/1.1" 404 487 "-" "Mozilla/5.0 (X11; Linux x86_64) AppleWebKit/537.36 (KHTML, like Gecko) Chrome/87.0.4280.88 Safari/537.36"
::1 - - [07/Dec/2020:08:50:47 +0700] "GET /xcript/index.php HTTP/1.1" 404 487 "-" "Mozilla/5.0 (X11; Linux x86_64) AppleWebKit/537.36 (KHTML, like Gecko) Chrome/87.0.4280.88 Safari/537.36"
::1 - - [07/Dec/2020:08:50:47 +0700] "GET /xcript/index.php HTTP/1.1" 404 487 "-" "Mozilla/5.0 (X11; Linux x86_64) AppleWebKit/537.36 (KHTML, like Gecko) Chrome/87.0.4280.88 Safari/537.36"
::1 - - [07/Dec/2020:08:51:34 +0700] "-" 408 0 "-" "-"
::1 - - [07/Dec/2020:08:52:29 +0700] "GET /xcr/index.php HTTP/1.1" 404 488 "-" "Mozilla/5.0 (X11; Linux x86_64) AppleWebKit/537.36 (KHTML, like Gecko) Chrome/87.0.4280.88 Safari/537.36"
::1 - - [07/Dec/2020:08:53:20 +0700] "-" 408 0 "-" "-"
::1 - - [07/Dec/2020:08:54:18 +0700] "GET /index.php HTTP/1.1" 404 488 "-" "Mozilla/5.0 (X11; Linux x86_64) AppleWebKit/537.36 (KHTML, like Gecko) Chrome/87.0.4280.88 Safari/537.36"
::1 - - [07/Dec/2020:08:55:10 +0700] "-" 408 0 "-" "-"
::1 - - [07/Dec/2020:08:56:13 +0700] "GET /index.php HTTP/1.1" 404 488 "-" "Mozilla/5.0 (X11; Linux x86_64) AppleWebKit/537.36 (KHTML, like Gecko) Chrome/87.0.4280.88 Safari/537.36"
::1 - - [07/Dec/2020:08:56:37 +0700] "GET /index.php/index.php HTTP/1.1" 404 488 "-" "Mozilla/5.0 (X11; Linux x86_64) AppleWebKit/537.36 (KHTML, like Gecko) Chrome/87.0.4280.88 Safari/537.36"
::1 - - [07/Dec/2020:08:56:59 +0700] "GET /index.php HTTP/1.1" 404 488 "-" "Mozilla/5.0 (X11; Linux x86_64) AppleWebKit/537.36 (KHTML, like Gecko) Chrome/87.0.4280.88 Safari/537.36"
::1 - - [07/Dec/2020:08:57:36 +0700] "GET /port%2080/index.php HTTP/1.1" 404 488 "-" "Mozilla/5.0 (X11; Linux x86_64) AppleWebKit/537.36 (KHTML, like Gecko) Chrome/87.0.4280.88 Safari/537.36"
::1 - - [07/Dec/2020:08:59:29 +0700] "GET /learnphp/index.php HTTP/1.1" 404 488 "-" "Mozilla/5.0 (X11; Linux x86_64) AppleWebKit/537.36 (KHTML, like Gecko) Chrome/87.0.4280.88 Safari/537.36"
::1 - - [07/Dec/2020:10:35:22 +0700] "GET / HTTP/1.1" 200 3477 "-" "Mozilla/5.0 (X11; Linux x86_64) AppleWebKit/537.36 (KHTML, like Gecko) Chrome/87.0.4280.88 Safari/537.36"
::1 - - [07/Dec/2020:10:35:22 +0700] "GET /icons/ubuntu-logo.png HTTP/1.1" 200 3623 "http://localhost/" "Mozilla/5.0 (X11; Linux x86_64) AppleWebKit/537.36 (KHTML, like Gecko) Chrome/87.0.4280.88 Safari/537.36"
::1 - - [07/Dec/2020:10:35:22 +0700] "GET /favicon.ico HTTP/1.1" 404 487 "http://localhost/" "Mozilla/5.0 (X11; Linux x86_64) AppleWebKit/537.36 (KHTML, like Gecko) Chrome/87.0.4280.88 Safari/537.36"
::1 - - [07/Dec/2020:10:39:05 +0700] "GET /Th%E1%BB%B1c%20h%C3%A0nh%20t%E1%BB%95ng%20quan%20php/index.php HTTP/1.1" 404 488 "-" "Mozilla/5.0 (X11; Linux x86_64) AppleWebKit/537.36 (KHTML, like Gecko) Chrome/87.0.4280.88 Safari/537.36"
::1 - - [07/Dec/2020:10:41:05 +0700] "GET /Th%E1%BB%B1c%20h%C3%A0nh%20t%E1%BB%95ng%20quan%20php/index.php HTTP/1.1" 404 488 "-" "Mozilla/5.0 (X11; Linux x86_64) AppleWebKit/537.36 (KHTML, like Gecko) Chrome/87.0.4280.88 Safari/537.36"
::1 - - [07/Dec/2020:10:41:08 +0700] "GET /Th%E1%BB%B1c%20h%C3%A0nh%20t%E1%BB%95ng%20quan%20php/index.php HTTP/1.1" 404 487 "-" "Mozilla/5.0 (X11; Linux x86_64) AppleWebKit/537.36 (KHTML, like Gecko) Chrome/87.0.4280.88 Safari/537.36"
::1 - - [07/Dec/2020:10:41:08 +0700] "GET /Th%E1%BB%B1c%20h%C3%A0nh%20t%E1%BB%95ng%20quan%20php/index.php HTTP/1.1" 404 488 "-" "Mozilla/5.0 (X11; Linux x86_64) AppleWebKit/537.36 (KHTML, like Gecko) Chrome/87.0.4280.88 Safari/537.36"
::1 - - [07/Dec/2020:10:41:09 +0700] "GET /Th%E1%BB%B1c%20h%C3%A0nh%20t%E1%BB%95ng%20quan%20php/index.php HTTP/1.1" 404 487 "-" "Mozilla/5.0 (X11; Linux x86_64) AppleWebKit/537.36 (KHTML, like Gecko) Chrome/87.0.4280.88 Safari/537.36"
::1 - - [07/Dec/2020:10:41:09 +0700] "GET /Th%E1%BB%B1c%20h%C3%A0nh%20t%E1%BB%95ng%20quan%20php/index.php HTTP/1.1" 404 487 "-" "Mozilla/5.0 (X11; Linux x86_64) AppleWebKit/537.36 (KHTML, like Gecko) Chrome/87.0.4280.88 Safari/537.36"
::1 - - [07/Dec/2020:10:41:14 +0700] "GET /Th%E1%BB%B1c%20h%C3%A0nh%20t%E1%BB%95ng%20quan%20php/index1.php HTTP/1.1" 404 488 "-" "Mozilla/5.0 (X11; Linux x86_64) AppleWebKit/537.36 (KHTML, like Gecko) Chrome/87.0.4280.88 Safari/537.36"
::1 - - [07/Dec/2020:10:41:50 +0700] "GET /Th%E1%BB%B1c%20h%C3%A0nh%20t%E1%BB%95ng%20quan%20php/index.php HTTP/1.1" 404 488 "-" "Mozilla/5.0 (X11; Linux x86_64) AppleWebKit/537.36 (KHTML, like Gecko) Chrome/87.0.4280.88 Safari/537.36"
::1 - - [07/Dec/2020:11:01:15 +0700] "GET /Th%E1%BB%B1c%20h%C3%A0nh%20t%E1%BB%95ng%20quan%20php/index1.php HTTP/1.1" 404 488 "-" "Mozilla/5.0 (X11; Linux x86_64) AppleWebKit/537.36 (KHTML, like Gecko) Chrome/87.0.4280.88 Safari/537.36"
::1 - - [07/Dec/2020:11:01:54 +0700] "GET /Th%E1%BB%B1c%20h%C3%A0nh%20t%E1%BB%95ng%20quan%20php/index.php HTTP/1.1" 404 488 "-" "Mozilla/5.0 (X11; Linux x86_64) AppleWebKit/537.36 (KHTML, like Gecko) Chrome/87.0.4280.88 Safari/537.36"
::1 - - [07/Dec/2020:11:08:15 +0700] "GET /server-time HTTP/1.1" 404 488 "-" "Mozilla/5.0 (X11; Linux x86_64) AppleWebKit/537.36 (KHTML, like Gecko) Chrome/87.0.4280.88 Safari/537.36"
::1 - - [07/Dec/2020:11:09:08 +0700] "GET /server_time HTTP/1.1" 404 488 "-" "Mozilla/5.0 (X11; Linux x86_64) AppleWebKit/537.36 (KHTML, like Gecko) Chrome/87.0.4280.88 Safari/537.36"
::1 - - [07/Dec/2020:11:16:24 +0700] "GET /Th%E1%BB%B1c%20h%C3%A0nh%20t%E1%BB%95ng%20quan%20php/index.php HTTP/1.1" 404 488 "-" "Mozilla/5.0 (X11; Linux x86_64) AppleWebKit/537.36 (KHTML, like Gecko) Chrome/87.0.4280.88 Safari/537.36"
::1 - - [07/Dec/2020:11:20:15 +0700] "GET /Th%E1%BB%B1c%20h%C3%A0nh%20t%E1%BB%95ng%20quan%20php/index.php HTTP/1.1" 404 488 "-" "Mozilla/5.0 (X11; Linux x86_64) AppleWebKit/537.36 (KHTML, like Gecko) Chrome/87.0.4280.88 Safari/537.36"
::1 - - [07/Dec/2020:13:04:48 +0700] "GET /Th%E1%BB%B1c%20h%C3%A0nh%20t%E1%BB%95ng%20quan%20php/index.php HTTP/1.1" 404 488 "-" "Mozilla/5.0 (X11; Linux x86_64) AppleWebKit/537.36 (KHTML, like Gecko) Chrome/87.0.4280.88 Safari/537.36"
::1 - - [07/Dec/2020:13:04:48 +0700] "GET /favicon.ico HTTP/1.1" 404 487 "http://localhost/Th%E1%BB%B1c%20h%C3%A0nh%20t%E1%BB%95ng%20quan%20php/index.php" "Mozilla/5.0 (X11; Linux x86_64) AppleWebKit/537.36 (KHTML, like Gecko) Chrome/87.0.4280.88 Safari/537.36"
127.0.0.1 - - [07/Dec/2020:13:18:51 +0700] "GET /Th%E1%BB%B1c%20h%C3%A0nh%20t%E1%BB%95ng%20quan%20php/index.php HTTP/1.1" 404 488 "-" "Mozilla/5.0 (X11; Ubuntu; Linux x86_64; rv:83.0) Gecko/20100101 Firefox/83.0"
127.0.0.1 - - [07/Dec/2020:13:18:51 +0700] "GET /favicon.ico HTTP/1.1" 404 487 "http://localhost/Th%E1%BB%B1c%20h%C3%A0nh%20t%E1%BB%95ng%20quan%20php/index.php" "Mozilla/5.0 (X11; Ubuntu; Linux x86_64; rv:83.0) Gecko/20100101 Firefox/83.0"
127.0.0.1 - - [07/Dec/2020:13:18:58 +0700] "GET /Th%E1%BB%B1c%20h%C3%A0nh%20t%E1%BB%95ng%20quan%20php/index.php HTTP/1.1" 404 488 "-" "Mozilla/5.0 (X11; Ubuntu; Linux x86_64; rv:83.0) Gecko/20100101 Firefox/83.0"
::1 - - [07/Dec/2020:13:19:04 +0700] "GET /Th%E1%BB%B1c%20h%C3%A0nh%20t%E1%BB%95ng%20quan%20php/index.php HTTP/1.1" 404 488 "-" "Mozilla/5.0 (X11; Linux x86_64) AppleWebKit/537.36 (KHTML, like Gecko) Chrome/87.0.4280.88 Safari/537.36"
::1 - - [07/Dec/2020:13:19:20 +0700] "GET /Th%E1%BB%B1c%20h%C3%A0nh%20t%E1%BB%95ng%20quan%20php/index.php HTTP/1.1" 404 488 "-" "Mozilla/5.0 (X11; Linux x86_64) AppleWebKit/537.36 (KHTML, like Gecko) Chrome/87.0.4280.88 Safari/537.36"
::1 - - [07/Dec/2020:13:19:33 +0700] "GET /Th%E1%BB%B1c%20h%C3%A0nh%20t%E1%BB%95ng%20quan%20php/index3.php HTTP/1.1" 404 488 "-" "Mozilla/5.0 (X11; Linux x86_64) AppleWebKit/537.36 (KHTML, like Gecko) Chrome/87.0.4280.88 Safari/537.36"
::1 - - [07/Dec/2020:13:19:35 +0700] "GET /Th%E1%BB%B1c%20h%C3%A0nh%20t%E1%BB%95ng%20quan%20php/index3.php HTTP/1.1" 404 487 "-" "Mozilla/5.0 (X11; Linux x86_64) AppleWebKit/537.36 (KHTML, like Gecko) Chrome/87.0.4280.88 Safari/537.36"
::1 - - [07/Dec/2020:13:19:36 +0700] "GET /Th%E1%BB%B1c%20h%C3%A0nh%20t%E1%BB%95ng%20quan%20php/index3.php HTTP/1.1" 404 487 "-" "Mozilla/5.0 (X11; Linux x86_64) AppleWebKit/537.36 (KHTML, like Gecko) Chrome/87.0.4280.88 Safari/537.36"
::1 - - [07/Dec/2020:13:19:36 +0700] "GET /Th%E1%BB%B1c%20h%C3%A0nh%20t%E1%BB%95ng%20quan%20php/index3.php HTTP/1.1" 404 487 "-" "Mozilla/5.0 (X11; Linux x86_64) AppleWebKit/537.36 (KHTML, like Gecko) Chrome/87.0.4280.88 Safari/537.36"
::1 - - [07/Dec/2020:13:19:36 +0700] "GET /Th%E1%BB%B1c%20h%C3%A0nh%20t%E1%BB%95ng%20quan%20php/index3.php HTTP/1.1" 404 487 "-" "Mozilla/5.0 (X11; Linux x86_64) AppleWebKit/537.36 (KHTML, like Gecko) Chrome/87.0.4280.88 Safari/537.36"
::1 - - [07/Dec/2020:13:19:36 +0700] "GET /Th%E1%BB%B1c%20h%C3%A0nh%20t%E1%BB%95ng%20quan%20php/index3.php HTTP/1.1" 404 488 "-" "Mozilla/5.0 (X11; Linux x86_64) AppleWebKit/537.36 (KHTML, like Gecko) Chrome/87.0.4280.88 Safari/537.36"
::1 - - [07/Dec/2020:13:19:36 +0700] "GET /Th%E1%BB%B1c%20h%C3%A0nh%20t%E1%BB%95ng%20quan%20php/index3.php HTTP/1.1" 404 487 "-" "Mozilla/5.0 (X11; Linux x86_64) AppleWebKit/537.36 (KHTML, like Gecko) Chrome/87.0.4280.88 Safari/537.36"
::1 - - [07/Dec/2020:13:19:37 +0700] "GET /Th%E1%BB%B1c%20h%C3%A0nh%20t%E1%BB%95ng%20quan%20php/index3.php HTTP/1.1" 404 487 "-" "Mozilla/5.0 (X11; Linux x86_64) AppleWebKit/537.36 (KHTML, like Gecko) Chrome/87.0.4280.88 Safari/537.36"
::1 - - [07/Dec/2020:13:19:37 +0700] "GET /Th%E1%BB%B1c%20h%C3%A0nh%20t%E1%BB%95ng%20quan%20php/index3.php HTTP/1.1" 404 487 "-" "Mozilla/5.0 (X11; Linux x86_64) AppleWebKit/537.36 (KHTML, like Gecko) Chrome/87.0.4280.88 Safari/537.36"
::1 - - [07/Dec/2020:13:19:37 +0700] "GET /Th%E1%BB%B1c%20h%C3%A0nh%20t%E1%BB%95ng%20quan%20php/index3.php HTTP/1.1" 404 487 "-" "Mozilla/5.0 (X11; Linux x86_64) AppleWebKit/537.36 (KHTML, like Gecko) Chrome/87.0.4280.88 Safari/537.36"
::1 - - [07/Dec/2020:13:19:37 +0700] "GET /Th%E1%BB%B1c%20h%C3%A0nh%20t%E1%BB%95ng%20quan%20php/index3.php HTTP/1.1" 404 487 "-" "Mozilla/5.0 (X11; Linux x86_64) AppleWebKit/537.36 (KHTML, like Gecko) Chrome/87.0.4280.88 Safari/537.36"
::1 - - [07/Dec/2020:13:19:37 +0700] "GET /Th%E1%BB%B1c%20h%C3%A0nh%20t%E1%BB%95ng%20quan%20php/index3.php HTTP/1.1" 404 487 "-" "Mozilla/5.0 (X11; Linux x86_64) AppleWebKit/537.36 (KHTML, like Gecko) Chrome/87.0.4280.88 Safari/537.36"
::1 - - [07/Dec/2020:13:19:37 +0700] "GET /Th%E1%BB%B1c%20h%C3%A0nh%20t%E1%BB%95ng%20quan%20php/index3.php HTTP/1.1" 404 487 "-" "Mozilla/5.0 (X11; Linux x86_64) AppleWebKit/537.36 (KHTML, like Gecko) Chrome/87.0.4280.88 Safari/537.36"
::1 - - [07/Dec/2020:13:19:38 +0700] "GET /Th%E1%BB%B1c%20h%C3%A0nh%20t%E1%BB%95ng%20quan%20php/index3.php HTTP/1.1" 404 487 "-" "Mozilla/5.0 (X11; Linux x86_64) AppleWebKit/537.36 (KHTML, like Gecko) Chrome/87.0.4280.88 Safari/537.36"
::1 - - [07/Dec/2020:13:19:38 +0700] "GET /Th%E1%BB%B1c%20h%C3%A0nh%20t%E1%BB%95ng%20quan%20php/index3.php HTTP/1.1" 404 487 "-" "Mozilla/5.0 (X11; Linux x86_64) AppleWebKit/537.36 (KHTML, like Gecko) Chrome/87.0.4280.88 Safari/537.36"
::1 - - [07/Dec/2020:13:19:48 +0700] "GET /Th%E1%BB%B1c%20h%C3%A0nh%20t%E1%BB%95ng%20quan%20php/index3.php HTTP/1.1" 404 488 "-" "Mozilla/5.0 (X11; Linux x86_64) AppleWebKit/537.36 (KHTML, like Gecko) Chrome/87.0.4280.88 Safari/537.36"
::1 - - [07/Dec/2020:13:19:48 +0700] "GET /Th%E1%BB%B1c%20h%C3%A0nh%20t%E1%BB%95ng%20quan%20php/index3.php HTTP/1.1" 404 487 "-" "Mozilla/5.0 (X11; Linux x86_64) AppleWebKit/537.36 (KHTML, like Gecko) Chrome/87.0.4280.88 Safari/537.36"
::1 - - [07/Dec/2020:13:19:49 +0700] "GET /Th%E1%BB%B1c%20h%C3%A0nh%20t%E1%BB%95ng%20quan%20php/index3.php HTTP/1.1" 404 487 "-" "Mozilla/5.0 (X11; Linux x86_64) AppleWebKit/537.36 (KHTML, like Gecko) Chrome/87.0.4280.88 Safari/537.36"
::1 - - [07/Dec/2020:13:19:49 +0700] "GET /Th%E1%BB%B1c%20h%C3%A0nh%20t%E1%BB%95ng%20quan%20php/index3.php HTTP/1.1" 404 487 "-" "Mozilla/5.0 (X11; Linux x86_64) AppleWebKit/537.36 (KHTML, like Gecko) Chrome/87.0.4280.88 Safari/537.36"
::1 - - [07/Dec/2020:13:19:49 +0700] "GET /Th%E1%BB%B1c%20h%C3%A0nh%20t%E1%BB%95ng%20quan%20php/index3.php HTTP/1.1" 404 487 "-" "Mozilla/5.0 (X11; Linux x86_64) AppleWebKit/537.36 (KHTML, like Gecko) Chrome/87.0.4280.88 Safari/537.36"
::1 - - [07/Dec/2020:13:19:49 +0700] "GET /Th%E1%BB%B1c%20h%C3%A0nh%20t%E1%BB%95ng%20quan%20php/index3.php HTTP/1.1" 404 487 "-" "Mozilla/5.0 (X11; Linux x86_64) AppleWebKit/537.36 (KHTML, like Gecko) Chrome/87.0.4280.88 Safari/537.36"
::1 - - [07/Dec/2020:13:19:49 +0700] "GET /Th%E1%BB%B1c%20h%C3%A0nh%20t%E1%BB%95ng%20quan%20php/index3.php HTTP/1.1" 404 487 "-" "Mozilla/5.0 (X11; Linux x86_64) AppleWebKit/537.36 (KHTML, like Gecko) Chrome/87.0.4280.88 Safari/537.36"
::1 - - [07/Dec/2020:13:19:50 +0700] "GET /Th%E1%BB%B1c%20h%C3%A0nh%20t%E1%BB%95ng%20quan%20php/index3.php HTTP/1.1" 404 487 "-" "Mozilla/5.0 (X11; Linux x86_64) AppleWebKit/537.36 (KHTML, like Gecko) Chrome/87.0.4280.88 Safari/537.36"
::1 - - [07/Dec/2020:13:19:50 +0700] "GET /Th%E1%BB%B1c%20h%C3%A0nh%20t%E1%BB%95ng%20quan%20php/index3.php HTTP/1.1" 404 487 "-" "Mozilla/5.0 (X11; Linux x86_64) AppleWebKit/537.36 (KHTML, like Gecko) Chrome/87.0.4280.88 Safari/537.36"
::1 - - [07/Dec/2020:13:27:07 +0700] "GET /Th%E1%BB%B1c%20h%C3%A0nh%20t%E1%BB%95ng%20quan%20php/index3.php HTTP/1.1" 404 488 "-" "Mozilla/5.0 (X11; Linux x86_64) AppleWebKit/537.36 (KHTML, like Gecko) Chrome/87.0.4280.88 Safari/537.36"
::1 - - [07/Dec/2020:13:27:12 +0700] "GET /Th%E1%BB%B1c%20h%C3%A0nh%20t%E1%BB%95ng%20quan%20php/index3.php HTTP/1.1" 404 488 "-" "Mozilla/5.0 (X11; Linux x86_64) AppleWebKit/537.36 (KHTML, like Gecko) Chrome/87.0.4280.88 Safari/537.36"
::1 - - [07/Dec/2020:13:27:13 +0700] "GET /Th%E1%BB%B1c%20h%C3%A0nh%20t%E1%BB%95ng%20quan%20php/index3.php HTTP/1.1" 404 487 "-" "Mozilla/5.0 (X11; Linux x86_64) AppleWebKit/537.36 (KHTML, like Gecko) Chrome/87.0.4280.88 Safari/537.36"
::1 - - [07/Dec/2020:13:27:13 +0700] "GET /Th%E1%BB%B1c%20h%C3%A0nh%20t%E1%BB%95ng%20quan%20php/index3.php HTTP/1.1" 404 487 "-" "Mozilla/5.0 (X11; Linux x86_64) AppleWebKit/537.36 (KHTML, like Gecko) Chrome/87.0.4280.88 Safari/537.36"
::1 - - [07/Dec/2020:13:27:13 +0700] "GET /Th%E1%BB%B1c%20h%C3%A0nh%20t%E1%BB%95ng%20quan%20php/index3.php HTTP/1.1" 404 487 "-" "Mozilla/5.0 (X11; Linux x86_64) AppleWebKit/537.36 (KHTML, like Gecko) Chrome/87.0.4280.88 Safari/537.36"
::1 - - [07/Dec/2020:13:27:13 +0700] "GET /Th%E1%BB%B1c%20h%C3%A0nh%20t%E1%BB%95ng%20quan%20php/index3.php HTTP/1.1" 404 487 "-" "Mozilla/5.0 (X11; Linux x86_64) AppleWebKit/537.36 (KHTML, like Gecko) Chrome/87.0.4280.88 Safari/537.36"
::1 - - [07/Dec/2020:13:27:13 +0700] "GET /Th%E1%BB%B1c%20h%C3%A0nh%20t%E1%BB%95ng%20quan%20php/index3.php HTTP/1.1" 404 487 "-" "Mozilla/5.0 (X11; Linux x86_64) AppleWebKit/537.36 (KHTML, like Gecko) Chrome/87.0.4280.88 Safari/537.36"
::1 - - [07/Dec/2020:13:27:13 +0700] "GET /Th%E1%BB%B1c%20h%C3%A0nh%20t%E1%BB%95ng%20quan%20php/index3.php HTTP/1.1" 404 487 "-" "Mozilla/5.0 (X11; Linux x86_64) AppleWebKit/537.36 (KHTML, like Gecko) Chrome/87.0.4280.88 Safari/537.36"
::1 - - [07/Dec/2020:13:27:14 +0700] "GET /Th%E1%BB%B1c%20h%C3%A0nh%20t%E1%BB%95ng%20quan%20php/index3.php HTTP/1.1" 404 487 "-" "Mozilla/5.0 (X11; Linux x86_64) AppleWebKit/537.36 (KHTML, like Gecko) Chrome/87.0.4280.88 Safari/537.36"
::1 - - [07/Dec/2020:13:27:14 +0700] "GET /Th%E1%BB%B1c%20h%C3%A0nh%20t%E1%BB%95ng%20quan%20php/index3.php HTTP/1.1" 404 487 "-" "Mozilla/5.0 (X11; Linux x86_64) AppleWebKit/537.36 (KHTML, like Gecko) Chrome/87.0.4280.88 Safari/537.36"
::1 - - [07/Dec/2020:13:27:14 +0700] "GET /Th%E1%BB%B1c%20h%C3%A0nh%20t%E1%BB%95ng%20quan%20php/index3.php HTTP/1.1" 404 487 "-" "Mozilla/5.0 (X11; Linux x86_64) AppleWebKit/537.36 (KHTML, like Gecko) Chrome/87.0.4280.88 Safari/537.36"
::1 - - [07/Dec/2020:13:27:14 +0700] "GET /Th%E1%BB%B1c%20h%C3%A0nh%20t%E1%BB%95ng%20quan%20php/index3.php HTTP/1.1" 404 487 "-" "Mozilla/5.0 (X11; Linux x86_64) AppleWebKit/537.36 (KHTML, like Gecko) Chrome/87.0.4280.88 Safari/537.36"
::1 - - [07/Dec/2020:13:27:14 +0700] "GET /Th%E1%BB%B1c%20h%C3%A0nh%20t%E1%BB%95ng%20quan%20php/index3.php HTTP/1.1" 404 487 "-" "Mozilla/5.0 (X11; Linux x86_64) AppleWebKit/537.36 (KHTML, like Gecko) Chrome/87.0.4280.88 Safari/537.36"
::1 - - [07/Dec/2020:13:27:15 +0700] "GET /Th%E1%BB%B1c%20h%C3%A0nh%20t%E1%BB%95ng%20quan%20php/index3.php HTTP/1.1" 404 487 "-" "Mozilla/5.0 (X11; Linux x86_64) AppleWebKit/537.36 (KHTML, like Gecko) Chrome/87.0.4280.88 Safari/537.36"
::1 - - [07/Dec/2020:13:27:15 +0700] "GET /Th%E1%BB%B1c%20h%C3%A0nh%20t%E1%BB%95ng%20quan%20php/index3.php HTTP/1.1" 404 487 "-" "Mozilla/5.0 (X11; Linux x86_64) AppleWebKit/537.36 (KHTML, like Gecko) Chrome/87.0.4280.88 Safari/537.36"
::1 - - [07/Dec/2020:13:27:15 +0700] "GET /Th%E1%BB%B1c%20h%C3%A0nh%20t%E1%BB%95ng%20quan%20php/index3.php HTTP/1.1" 404 487 "-" "Mozilla/5.0 (X11; Linux x86_64) AppleWebKit/537.36 (KHTML, like Gecko) Chrome/87.0.4280.88 Safari/537.36"
::1 - - [07/Dec/2020:13:27:15 +0700] "GET /Th%E1%BB%B1c%20h%C3%A0nh%20t%E1%BB%95ng%20quan%20php/index3.php HTTP/1.1" 404 487 "-" "Mozilla/5.0 (X11; Linux x86_64) AppleWebKit/537.36 (KHTML, like Gecko) Chrome/87.0.4280.88 Safari/537.36"
::1 - - [07/Dec/2020:13:27:15 +0700] "GET /Th%E1%BB%B1c%20h%C3%A0nh%20t%E1%BB%95ng%20quan%20php/index3.php HTTP/1.1" 404 487 "-" "Mozilla/5.0 (X11; Linux x86_64) AppleWebKit/537.36 (KHTML, like Gecko) Chrome/87.0.4280.88 Safari/537.36"
::1 - - [07/Dec/2020:13:27:15 +0700] "GET /Th%E1%BB%B1c%20h%C3%A0nh%20t%E1%BB%95ng%20quan%20php/index3.php HTTP/1.1" 404 487 "-" "Mozilla/5.0 (X11; Linux x86_64) AppleWebKit/537.36 (KHTML, like Gecko) Chrome/87.0.4280.88 Safari/537.36"
::1 - - [07/Dec/2020:13:27:16 +0700] "GET /Th%E1%BB%B1c%20h%C3%A0nh%20t%E1%BB%95ng%20quan%20php/index3.php HTTP/1.1" 404 487 "-" "Mozilla/5.0 (X11; Linux x86_64) AppleWebKit/537.36 (KHTML, like Gecko) Chrome/87.0.4280.88 Safari/537.36"
::1 - - [07/Dec/2020:13:27:16 +0700] "GET /Th%E1%BB%B1c%20h%C3%A0nh%20t%E1%BB%95ng%20quan%20php/index3.php HTTP/1.1" 404 487 "-" "Mozilla/5.0 (X11; Linux x86_64) AppleWebKit/537.36 (KHTML, like Gecko) Chrome/87.0.4280.88 Safari/537.36"
::1 - - [07/Dec/2020:13:27:16 +0700] "GET /Th%E1%BB%B1c%20h%C3%A0nh%20t%E1%BB%95ng%20quan%20php/index3.php HTTP/1.1" 404 487 "-" "Mozilla/5.0 (X11; Linux x86_64) AppleWebKit/537.36 (KHTML, like Gecko) Chrome/87.0.4280.88 Safari/537.36"
::1 - - [07/Dec/2020:13:27:16 +0700] "GET /Th%E1%BB%B1c%20h%C3%A0nh%20t%E1%BB%95ng%20quan%20php/index3.php HTTP/1.1" 404 487 "-" "Mozilla/5.0 (X11; Linux x86_64) AppleWebKit/537.36 (KHTML, like Gecko) Chrome/87.0.4280.88 Safari/537.36"
::1 - - [07/Dec/2020:13:27:47 +0700] "GET /Th%E1%BB%B1c%20h%C3%A0nh%20t%E1%BB%95ng%20quan%20php/index3.php HTTP/1.1" 404 488 "-" "Mozilla/5.0 (X11; Linux x86_64) AppleWebKit/537.36 (KHTML, like Gecko) Chrome/87.0.4280.88 Safari/537.36"
::1 - - [07/Dec/2020:13:27:51 +0700] "GET /Th%E1%BB%B1c%20h%C3%A0nh%20t%E1%BB%95ng%20quan%20php/index3.php HTTP/1.1" 404 487 "-" "Mozilla/5.0 (X11; Linux x86_64) AppleWebKit/537.36 (KHTML, like Gecko) Chrome/87.0.4280.88 Safari/537.36"
::1 - - [07/Dec/2020:13:28:35 +0700] "GET /Th%E1%BB%B1c%20h%C3%A0nh%20t%E1%BB%95ng%20quan%20php/index3.php HTTP/1.1" 404 488 "-" "Mozilla/5.0 (X11; Linux x86_64) AppleWebKit/537.36 (KHTML, like Gecko) Chrome/87.0.4280.88 Safari/537.36"
::1 - - [07/Dec/2020:13:29:25 +0700] "GET /Th%E1%BB%B1c%20h%C3%A0nh%20t%E1%BB%95ng%20quan%20php/index3.php HTTP/1.1" 404 488 "-" "Mozilla/5.0 (X11; Linux x86_64) AppleWebKit/537.36 (KHTML, like Gecko) Chrome/87.0.4280.88 Safari/537.36"
::1 - - [07/Dec/2020:13:31:23 +0700] "GET /Th%E1%BB%B1c%20h%C3%A0nh%20t%E1%BB%95ng%20quan%20php/index1.php HTTP/1.1" 404 488 "-" "Mozilla/5.0 (X11; Linux x86_64) AppleWebKit/537.36 (KHTML, like Gecko) Chrome/87.0.4280.88 Safari/537.36"
::1 - - [07/Dec/2020:13:31:23 +0700] "GET /favicon.ico HTTP/1.1" 404 487 "http://localhost/Th%E1%BB%B1c%20h%C3%A0nh%20t%E1%BB%95ng%20quan%20php/index1.php" "Mozilla/5.0 (X11; Linux x86_64) AppleWebKit/537.36 (KHTML, like Gecko) Chrome/87.0.4280.88 Safari/537.36"
::1 - - [07/Dec/2020:13:32:50 +0700] "GET /Th%E1%BB%B1c%20h%C3%A0nh%20t%E1%BB%95ng%20quan%20PHP/index1.php/Th%E1%BB%B1c%20h%C3%A0nh%20t%E1%BB%95ng%20quan%20php/index1.php HTTP/1.1" 404 488 "-" "Mozilla/5.0 (X11; Linux x86_64) AppleWebKit/537.36 (KHTML, like Gecko) Chrome/87.0.4280.88 Safari/537.36"
::1 - - [07/Dec/2020:13:32:50 +0700] "GET /favicon.ico HTTP/1.1" 404 487 "http://localhost/Th%E1%BB%B1c%20h%C3%A0nh%20t%E1%BB%95ng%20quan%20PHP/index1.php/Th%E1%BB%B1c%20h%C3%A0nh%20t%E1%BB%95ng%20quan%20php/index1.php" "Mozilla/5.0 (X11; Linux x86_64) AppleWebKit/537.36 (KHTML, like Gecko) Chrome/87.0.4280.88 Safari/537.36"
::1 - - [07/Dec/2020:13:33:03 +0700] "GET /favicon.ico HTTP/1.1" 404 488 "http://localhost/" "Mozilla/5.0 (X11; Linux x86_64) AppleWebKit/537.36 (KHTML, like Gecko) Chrome/87.0.4280.88 Safari/537.36"
::1 - - [07/Dec/2020:13:33:51 +0700] "GET /thuchanhphp HTTP/1.1" 404 488 "-" "Mozilla/5.0 (X11; Linux x86_64) AppleWebKit/537.36 (KHTML, like Gecko) Chrome/87.0.4280.88 Safari/537.36"
::1 - - [07/Dec/2020:13:34:24 +0700] "GET /thuchanhphp HTTP/1.1" 404 488 "-" "Mozilla/5.0 (X11; Linux x86_64) AppleWebKit/537.36 (KHTML, like Gecko) Chrome/87.0.4280.88 Safari/537.36"
::1 - - [07/Dec/2020:13:34:25 +0700] "GET /thuchanhphp HTTP/1.1" 404 487 "-" "Mozilla/5.0 (X11; Linux x86_64) AppleWebKit/537.36 (KHTML, like Gecko) Chrome/87.0.4280.88 Safari/537.36"
::1 - - [07/Dec/2020:13:34:25 +0700] "GET /thuchanhphp HTTP/1.1" 404 487 "-" "Mozilla/5.0 (X11; Linux x86_64) AppleWebKit/537.36 (KHTML, like Gecko) Chrome/87.0.4280.88 Safari/537.36"
::1 - - [07/Dec/2020:13:34:25 +0700] "GET /thuchanhphp HTTP/1.1" 404 487 "-" "Mozilla/5.0 (X11; Linux x86_64) AppleWebKit/537.36 (KHTML, like Gecko) Chrome/87.0.4280.88 Safari/537.36"
::1 - - [07/Dec/2020:13:36:14 +0700] "GET /thuchanhphp HTTP/1.1" 301 578 "-" "Mozilla/5.0 (X11; Linux x86_64) AppleWebKit/537.36 (KHTML, like Gecko) Chrome/87.0.4280.88 Safari/537.36"
::1 - - [07/Dec/2020:13:36:14 +0700] "GET /thuchanhphp/ HTTP/1.1" 200 408 "-" "Mozilla/5.0 (X11; Linux x86_64) AppleWebKit/537.36 (KHTML, like Gecko) Chrome/87.0.4280.88 Safari/537.36"
::1 - - [07/Dec/2020:13:36:19 +0700] "GET /thuchanhphp/ HTTP/1.1" 304 180 "-" "Mozilla/5.0 (X11; Linux x86_64) AppleWebKit/537.36 (KHTML, like Gecko) Chrome/87.0.4280.88 Safari/537.36"
::1 - - [07/Dec/2020:13:36:20 +0700] "GET /thuchanhphp/ HTTP/1.1" 304 179 "-" "Mozilla/5.0 (X11; Linux x86_64) AppleWebKit/537.36 (KHTML, like Gecko) Chrome/87.0.4280.88 Safari/537.36"
::1 - - [07/Dec/2020:13:36:24 +0700] "GET /thuchanhphp/ HTTP/1.1" 304 180 "-" "Mozilla/5.0 (X11; Linux x86_64) AppleWebKit/537.36 (KHTML, like Gecko) Chrome/87.0.4280.88 Safari/537.36"
::1 - - [07/Dec/2020:13:36:29 +0700] "GET /thuchanhphp/ HTTP/1.1" 304 180 "-" "Mozilla/5.0 (X11; Linux x86_64) AppleWebKit/537.36 (KHTML, like Gecko) Chrome/87.0.4280.88 Safari/537.36"
::1 - - [07/Dec/2020:13:37:18 +0700] "GET /thuchanhphp/index1 HTTP/1.1" 404 488 "-" "Mozilla/5.0 (X11; Linux x86_64) AppleWebKit/537.36 (KHTML, like Gecko) Chrome/87.0.4280.88 Safari/537.36"
::1 - - [07/Dec/2020:13:37:24 +0700] "GET /thuchanhphp/index1.php HTTP/1.1" 200 1182 "-" "Mozilla/5.0 (X11; Linux x86_64) AppleWebKit/537.36 (KHTML, like Gecko) Chrome/87.0.4280.88 Safari/537.36"
::1 - - [07/Dec/2020:13:38:24 +0700] "GET /Th%E1%BB%B1c%20h%C3%A0nh%20t%E1%BB%95ng%20quan%20PHP/index1.php/thuchanhphp/index1.php HTTP/1.1" 404 488 "-" "Mozilla/5.0 (X11; Linux x86_64) AppleWebKit/537.36 (KHTML, like Gecko) Chrome/87.0.4280.88 Safari/537.36"
::1 - - [07/Dec/2020:13:38:26 +0700] "GET /Th%E1%BB%B1c%20h%C3%A0nh%20t%E1%BB%95ng%20quan%20PHP/index1.php/thuchanhphp/index1.php HTTP/1.1" 404 487 "-" "Mozilla/5.0 (X11; Linux x86_64) AppleWebKit/537.36 (KHTML, like Gecko) Chrome/87.0.4280.88 Safari/537.36"
::1 - - [07/Dec/2020:13:40:40 +0700] "GET /thuchanhphp/index.php HTTP/1.1" 200 409 "-" "Mozilla/5.0 (X11; Linux x86_64) AppleWebKit/537.36 (KHTML, like Gecko) Chrome/87.0.4280.88 Safari/537.36"
::1 - - [07/Dec/2020:13:40:58 +0700] "GET /thuchanhphp/index.php HTTP/1.1" 304 180 "-" "Mozilla/5.0 (X11; Linux x86_64) AppleWebKit/537.36 (KHTML, like Gecko) Chrome/87.0.4280.88 Safari/537.36"
::1 - - [07/Dec/2020:13:40:58 +0700] "GET /thuchanhphp/index.php HTTP/1.1" 304 179 "-" "Mozilla/5.0 (X11; Linux x86_64) AppleWebKit/537.36 (KHTML, like Gecko) Chrome/87.0.4280.88 Safari/537.36"
::1 - - [07/Dec/2020:13:40:59 +0700] "GET /thuchanhphp/index.php HTTP/1.1" 304 179 "-" "Mozilla/5.0 (X11; Linux x86_64) AppleWebKit/537.36 (KHTML, like Gecko) Chrome/87.0.4280.88 Safari/537.36"
::1 - - [07/Dec/2020:13:40:59 +0700] "GET /thuchanhphp/index.php HTTP/1.1" 304 179 "-" "Mozilla/5.0 (X11; Linux x86_64) AppleWebKit/537.36 (KHTML, like Gecko) Chrome/87.0.4280.88 Safari/537.36"
::1 - - [07/Dec/2020:13:41:59 +0700] "GET /thuchanhphp/index.php HTTP/1.1" 304 180 "-" "Mozilla/5.0 (X11; Linux x86_64) AppleWebKit/537.36 (KHTML, like Gecko) Chrome/87.0.4280.88 Safari/537.36"
::1 - - [07/Dec/2020:13:41:59 +0700] "GET /thuchanhphp/index.php HTTP/1.1" 304 179 "-" "Mozilla/5.0 (X11; Linux x86_64) AppleWebKit/537.36 (KHTML, like Gecko) Chrome/87.0.4280.88 Safari/537.36"
::1 - - [07/Dec/2020:13:41:59 +0700] "GET /thuchanhphp/index.php HTTP/1.1" 304 179 "-" "Mozilla/5.0 (X11; Linux x86_64) AppleWebKit/537.36 (KHTML, like Gecko) Chrome/87.0.4280.88 Safari/537.36"
::1 - - [07/Dec/2020:13:41:59 +0700] "GET /thuchanhphp/index.php HTTP/1.1" 304 179 "-" "Mozilla/5.0 (X11; Linux x86_64) AppleWebKit/537.36 (KHTML, like Gecko) Chrome/87.0.4280.88 Safari/537.36"
::1 - - [07/Dec/2020:13:42:00 +0700] "GET /thuchanhphp/index.php HTTP/1.1" 304 179 "-" "Mozilla/5.0 (X11; Linux x86_64) AppleWebKit/537.36 (KHTML, like Gecko) Chrome/87.0.4280.88 Safari/537.36"
::1 - - [07/Dec/2020:13:42:00 +0700] "GET /thuchanhphp/index.php HTTP/1.1" 304 179 "-" "Mozilla/5.0 (X11; Linux x86_64) AppleWebKit/537.36 (KHTML, like Gecko) Chrome/87.0.4280.88 Safari/537.36"
::1 - - [07/Dec/2020:13:42:51 +0700] "GET /thuchanhphp/index.php HTTP/1.1" 304 180 "-" "Mozilla/5.0 (X11; Linux x86_64) AppleWebKit/537.36 (KHTML, like Gecko) Chrome/87.0.4280.88 Safari/537.36"
::1 - - [07/Dec/2020:13:43:40 +0700] "GET /thuchanhphp/index.php HTTP/1.1" 304 180 "-" "Mozilla/5.0 (X11; Linux x86_64) AppleWebKit/537.36 (KHTML, like Gecko) Chrome/87.0.4280.88 Safari/537.36"
::1 - - [07/Dec/2020:13:43:41 +0700] "GET /thuchanhphp/index.php HTTP/1.1" 304 179 "-" "Mozilla/5.0 (X11; Linux x86_64) AppleWebKit/537.36 (KHTML, like Gecko) Chrome/87.0.4280.88 Safari/537.36"
::1 - - [07/Dec/2020:13:43:41 +0700] "GET /thuchanhphp/index.php HTTP/1.1" 304 179 "-" "Mozilla/5.0 (X11; Linux x86_64) AppleWebKit/537.36 (KHTML, like Gecko) Chrome/87.0.4280.88 Safari/537.36"
::1 - - [07/Dec/2020:13:43:41 +0700] "GET /thuchanhphp/index.php HTTP/1.1" 304 179 "-" "Mozilla/5.0 (X11; Linux x86_64) AppleWebKit/537.36 (KHTML, like Gecko) Chrome/87.0.4280.88 Safari/537.36"
::1 - - [07/Dec/2020:13:43:48 +0700] "GET /thuchanhphp/ HTTP/1.1" 304 180 "-" "Mozilla/5.0 (X11; Linux x86_64) AppleWebKit/537.36 (KHTML, like Gecko) Chrome/87.0.4280.88 Safari/537.36"
::1 - - [07/Dec/2020:13:48:08 +0700] "GET /Th%E1%BB%B1c%20h%C3%A0nh%20t%E1%BB%95ng%20quan%20PHP/index1.php/thuchanhphp/index.php HTTP/1.1" 404 488 "-" "Mozilla/5.0 (X11; Linux x86_64) AppleWebKit/537.36 (KHTML, like Gecko) Chrome/87.0.4280.88 Safari/537.36"
::1 - - [07/Dec/2020:13:48:29 +0700] "GET /thuchanhphp/index.php HTTP/1.1" 304 180 "-" "Mozilla/5.0 (X11; Linux x86_64) AppleWebKit/537.36 (KHTML, like Gecko) Chrome/87.0.4280.88 Safari/537.36"
::1 - - [07/Dec/2020:13:48:31 +0700] "GET /thuchanhphp/index.php HTTP/1.1" 304 179 "-" "Mozilla/5.0 (X11; Linux x86_64) AppleWebKit/537.36 (KHTML, like Gecko) Chrome/87.0.4280.88 Safari/537.36"
::1 - - [07/Dec/2020:13:48:31 +0700] "GET /thuchanhphp/index.php HTTP/1.1" 304 179 "-" "Mozilla/5.0 (X11; Linux x86_64) AppleWebKit/537.36 (KHTML, like Gecko) Chrome/87.0.4280.88 Safari/537.36"
::1 - - [07/Dec/2020:13:48:32 +0700] "GET /thuchanhphp/index.php HTTP/1.1" 304 179 "-" "Mozilla/5.0 (X11; Linux x86_64) AppleWebKit/537.36 (KHTML, like Gecko) Chrome/87.0.4280.88 Safari/537.36"
::1 - - [07/Dec/2020:13:48:32 +0700] "GET /thuchanhphp/index.php HTTP/1.1" 304 179 "-" "Mozilla/5.0 (X11; Linux x86_64) AppleWebKit/537.36 (KHTML, like Gecko) Chrome/87.0.4280.88 Safari/537.36"
::1 - - [07/Dec/2020:13:48:32 +0700] "GET /thuchanhphp/index.php HTTP/1.1" 304 179 "-" "Mozilla/5.0 (X11; Linux x86_64) AppleWebKit/537.36 (KHTML, like Gecko) Chrome/87.0.4280.88 Safari/537.36"
::1 - - [07/Dec/2020:13:48:32 +0700] "GET /thuchanhphp/index.php HTTP/1.1" 304 179 "-" "Mozilla/5.0 (X11; Linux x86_64) AppleWebKit/537.36 (KHTML, like Gecko) Chrome/87.0.4280.88 Safari/537.36"
::1 - - [07/Dec/2020:13:48:32 +0700] "GET /thuchanhphp/index.php HTTP/1.1" 304 179 "-" "Mozilla/5.0 (X11; Linux x86_64) AppleWebKit/537.36 (KHTML, like Gecko) Chrome/87.0.4280.88 Safari/537.36"
::1 - - [07/Dec/2020:13:48:32 +0700] "GET /thuchanhphp/index.php HTTP/1.1" 304 179 "-" "Mozilla/5.0 (X11; Linux x86_64) AppleWebKit/537.36 (KHTML, like Gecko) Chrome/87.0.4280.88 Safari/537.36"
::1 - - [07/Dec/2020:13:48:33 +0700] "GET /thuchanhphp/index.php HTTP/1.1" 304 179 "-" "Mozilla/5.0 (X11; Linux x86_64) AppleWebKit/537.36 (KHTML, like Gecko) Chrome/87.0.4280.88 Safari/537.36"
::1 - - [07/Dec/2020:13:48:46 +0700] "GET /Th%E1%BB%B1c%20h%C3%A0nh%20t%E1%BB%95ng%20quan%20PHP/index1.php/thuchanhphp/index3.php HTTP/1.1" 404 488 "-" "Mozilla/5.0 (X11; Linux x86_64) AppleWebKit/537.36 (KHTML, like Gecko) Chrome/87.0.4280.88 Safari/537.36"
::1 - - [07/Dec/2020:13:48:59 +0700] "GET /thuchanhphp/index3.php HTTP/1.1" 200 1488 "-" "Mozilla/5.0 (X11; Linux x86_64) AppleWebKit/537.36 (KHTML, like Gecko) Chrome/87.0.4280.88 Safari/537.36"
::1 - - [07/Dec/2020:13:49:16 +0700] "GET /thuchanhphp/index3.php?search=dog HTTP/1.1" 200 1488 "http://localhost/thuchanhphp/index3.php" "Mozilla/5.0 (X11; Linux x86_64) AppleWebKit/537.36 (KHTML, like Gecko) Chrome/87.0.4280.88 Safari/537.36"
::1 - - [07/Dec/2020:13:49:17 +0700] "GET /thuchanhphp/index3.php?search= HTTP/1.1" 200 1487 "http://localhost/thuchanhphp/index3.php?search=dog" "Mozilla/5.0 (X11; Linux x86_64) AppleWebKit/537.36 (KHTML, like Gecko) Chrome/87.0.4280.88 Safari/537.36"
::1 - - [07/Dec/2020:13:51:27 +0700] "GET /Th%E1%BB%B1c%20h%C3%A0nh%20t%E1%BB%95ng%20quan%20PHP/index1.php/thuchanhphp/index3.php HTTP/1.1" 404 488 "-" "Mozilla/5.0 (X11; Linux x86_64) AppleWebKit/537.36 (KHTML, like Gecko) Chrome/87.0.4280.88 Safari/537.36"
::1 - - [07/Dec/2020:14:09:46 +0700] "GET /Th%E1%BB%B1c%20h%C3%A0nh%20t%E1%BB%95ng%20quan%20PHP/index1.php/thuchanhphp/hienthithoigian.php HTTP/1.1" 404 488 "-" "Mozilla/5.0 (X11; Linux x86_64) AppleWebKit/537.36 (KHTML, like Gecko) Chrome/87.0.4280.88 Safari/537.36"
::1 - - [07/Dec/2020:14:09:56 +0700] "GET /thuchanhphp/hienthithoigian.php HTTP/1.1" 404 488 "-" "Mozilla/5.0 (X11; Linux x86_64) AppleWebKit/537.36 (KHTML, like Gecko) Chrome/87.0.4280.88 Safari/537.36"
::1 - - [07/Dec/2020:14:10:03 +0700] "GET /thuchanhphp/hienthithoigian.php HTTP/1.1" 404 488 "-" "Mozilla/5.0 (X11; Linux x86_64) AppleWebKit/537.36 (KHTML, like Gecko) Chrome/87.0.4280.88 Safari/537.36"
::1 - - [07/Dec/2020:14:11:51 +0700] "GET /thuchanhphp/hienthithoigian.php HTTP/1.1" 404 488 "-" "Mozilla/5.0 (X11; Linux x86_64) AppleWebKit/537.36 (KHTML, like Gecko) Chrome/87.0.4280.88 Safari/537.36"
::1 - - [07/Dec/2020:14:11:52 +0700] "GET /thuchanhphp/hienthithoigian.php HTTP/1.1" 404 487 "-" "Mozilla/5.0 (X11; Linux x86_64) AppleWebKit/537.36 (KHTML, like Gecko) Chrome/87.0.4280.88 Safari/537.36"
::1 - - [07/Dec/2020:14:11:52 +0700] "GET /thuchanhphp/hienthithoigian.php HTTP/1.1" 404 487 "-" "Mozilla/5.0 (X11; Linux x86_64) AppleWebKit/537.36 (KHTML, like Gecko) Chrome/87.0.4280.88 Safari/537.36"
::1 - - [07/Dec/2020:14:15:23 +0700] "GET /thuchanhphp/hienthithoigian.php HTTP/1.1" 404 488 "-" "Mozilla/5.0 (X11; Linux x86_64) AppleWebKit/537.36 (KHTML, like Gecko) Chrome/87.0.4280.88 Safari/537.36"
::1 - - [07/Dec/2020:14:15:26 +0700] "GET /thuchanhphp/hienthithoigian.php HTTP/1.1" 404 488 "-" "Mozilla/5.0 (X11; Linux x86_64) AppleWebKit/537.36 (KHTML, like Gecko) Chrome/87.0.4280.88 Safari/537.36"
::1 - - [07/Dec/2020:14:15:27 +0700] "GET /thuchanhphp/hienthithoigian.php HTTP/1.1" 404 487 "-" "Mozilla/5.0 (X11; Linux x86_64) AppleWebKit/537.36 (KHTML, like Gecko) Chrome/87.0.4280.88 Safari/537.36"
::1 - - [07/Dec/2020:14:15:27 +0700] "GET /thuchanhphp/hienthithoigian.php HTTP/1.1" 404 487 "-" "Mozilla/5.0 (X11; Linux x86_64) AppleWebKit/537.36 (KHTML, like Gecko) Chrome/87.0.4280.88 Safari/537.36"
::1 - - [07/Dec/2020:14:15:27 +0700] "GET /thuchanhphp/hienthithoigian.php HTTP/1.1" 404 487 "-" "Mozilla/5.0 (X11; Linux x86_64) AppleWebKit/537.36 (KHTML, like Gecko) Chrome/87.0.4280.88 Safari/537.36"
::1 - - [07/Dec/2020:14:19:25 +0700] "GET /thuchanhphp/index.php HTTP/1.1" 200 409 "-" "Mozilla/5.0 (X11; Linux x86_64) AppleWebKit/537.36 (KHTML, like Gecko) Chrome/87.0.4280.88 Safari/537.36"
::1 - - [07/Dec/2020:14:19:28 +0700] "GET /thuchanhphp/index.php HTTP/1.1" 304 179 "-" "Mozilla/5.0 (X11; Linux x86_64) AppleWebKit/537.36 (KHTML, like Gecko) Chrome/87.0.4280.88 Safari/537.36"
::1 - - [07/Dec/2020:14:21:47 +0700] "GET /thuchanhphp/tudien.php HTTP/1.1" 200 1488 "-" "Mozilla/5.0 (X11; Linux x86_64) AppleWebKit/537.36 (KHTML, like Gecko) Chrome/87.0.4280.88 Safari/537.36"
::1 - - [07/Dec/2020:14:21:53 +0700] "GET /thuchanhphp/tudien.php?search= HTTP/1.1" 200 1488 "http://localhost/thuchanhphp/tudien.php" "Mozilla/5.0 (X11; Linux x86_64) AppleWebKit/537.36 (KHTML, like Gecko) Chrome/87.0.4280.88 Safari/537.36"
::1 - - [07/Dec/2020:14:22:26 +0700] "GET /thuchanhphp/hienthithoigian.php HTTP/1.1" 200 409 "-" "Mozilla/5.0 (X11; Linux x86_64) AppleWebKit/537.36 (KHTML, like Gecko) Chrome/87.0.4280.88 Safari/537.36"
::1 - - [07/Dec/2020:14:22:48 +0700] "GET /thuchanhphp/danhsachkhachhang.php HTTP/1.1" 200 1928 "-" "Mozilla/5.0 (X11; Linux x86_64) AppleWebKit/537.36 (KHTML, like Gecko) Chrome/87.0.4280.88 Safari/537.36"
::1 - - [07/Dec/2020:14:22:48 +0700] "GET /thuchanhphp/%22.$values[ HTTP/1.1" 404 487 "http://localhost/thuchanhphp/danhsachkhachhang.php" "Mozilla/5.0 (X11; Linux x86_64) AppleWebKit/537.36 (KHTML, like Gecko) Chrome/87.0.4280.88 Safari/537.36"
::1 - - [07/Dec/2020:14:27:38 +0700] "GET /demo/index.php HTTP/1.1" 200 425 "-" "Mozilla/5.0 (X11; Linux x86_64) AppleWebKit/537.36 (KHTML, like Gecko) Chrome/87.0.4280.88 Safari/537.36"
::1 - - [07/Dec/2020:15:09:01 +0700] "GET /html/thuchanhphp/hienthithoigian.php HTTP/1.1" 404 488 "-" "Mozilla/5.0 (X11; Linux x86_64) AppleWebKit/537.36 (KHTML, like Gecko) Chrome/87.0.4280.88 Safari/537.36"
::1 - - [07/Dec/2020:15:09:14 +0700] "GET /html/thuchanhphp/hienthithoigian.php HTTP/1.1" 404 488 "-" "Mozilla/5.0 (X11; Linux x86_64) AppleWebKit/537.36 (KHTML, like Gecko) Chrome/87.0.4280.88 Safari/537.36"
::1 - - [07/Dec/2020:15:10:23 +0700] "GET /html/thuchanhphp/hienthithoigian.php HTTP/1.1" 404 488 "-" "Mozilla/5.0 (X11; Linux x86_64) AppleWebKit/537.36 (KHTML, like Gecko) Chrome/87.0.4280.88 Safari/537.36"
::1 - - [07/Dec/2020:15:10:25 +0700] "GET /html/thuchanhphp/hienthithoigian.php HTTP/1.1" 404 488 "-" "Mozilla/5.0 (X11; Linux x86_64) AppleWebKit/537.36 (KHTML, like Gecko) Chrome/87.0.4280.88 Safari/537.36"
::1 - - [07/Dec/2020:15:10:36 +0700] "GET /thuchanhphp/hienthithoigian.php HTTP/1.1" 304 180 "-" "Mozilla/5.0 (X11; Linux x86_64) AppleWebKit/537.36 (KHTML, like Gecko) Chrome/87.0.4280.88 Safari/537.36"
::1 - - [07/Dec/2020:15:13:02 +0700] "GET /html/thuchanhphp/hienthithoigian.php HTTP/1.1" 404 488 "-" "Mozilla/5.0 (X11; Linux x86_64) AppleWebKit/537.36 (KHTML, like Gecko) Chrome/87.0.4280.88 Safari/537.36"
::1 - - [07/Dec/2020:15:14:02 +0700] "GET /html/thuchanhphp/tudien.php HTTP/1.1" 404 488 "-" "Mozilla/5.0 (X11; Linux x86_64) AppleWebKit/537.36 (KHTML, like Gecko) Chrome/87.0.4280.88 Safari/537.36"
::1 - - [07/Dec/2020:15:14:12 +0700] "GET /thuchanhphp/tudien.php HTTP/1.1" 304 181 "-" "Mozilla/5.0 (X11; Linux x86_64) AppleWebKit/537.36 (KHTML, like Gecko) Chrome/87.0.4280.88 Safari/537.36"
::1 - - [07/Dec/2020:15:34:07 +0700] "GET /html/thuchanhphp/danhsachkhachhang.php HTTP/1.1" 404 488 "-" "Mozilla/5.0 (X11; Linux x86_64) AppleWebKit/537.36 (KHTML, like Gecko) Chrome/87.0.4280.88 Safari/537.36"
::1 - - [07/Dec/2020:15:34:10 +0700] "GET /html/thuchanhphp/danhsachkhachhang.php HTTP/1.1" 404 487 "-" "Mozilla/5.0 (X11; Linux x86_64) AppleWebKit/537.36 (KHTML, like Gecko) Chrome/87.0.4280.88 Safari/537.36"
::1 - - [07/Dec/2020:15:34:10 +0700] "GET /html/thuchanhphp/danhsachkhachhang.php HTTP/1.1" 404 487 "-" "Mozilla/5.0 (X11; Linux x86_64) AppleWebKit/537.36 (KHTML, like Gecko) Chrome/87.0.4280.88 Safari/537.36"
::1 - - [07/Dec/2020:15:34:11 +0700] "GET /html/thuchanhphp/danhsachkhachhang.php HTTP/1.1" 404 487 "-" "Mozilla/5.0 (X11; Linux x86_64) AppleWebKit/537.36 (KHTML, like Gecko) Chrome/87.0.4280.88 Safari/537.36"
::1 - - [07/Dec/2020:15:34:11 +0700] "GET /html/thuchanhphp/danhsachkhachhang.php HTTP/1.1" 404 487 "-" "Mozilla/5.0 (X11; Linux x86_64) AppleWebKit/537.36 (KHTML, like Gecko) Chrome/87.0.4280.88 Safari/537.36"
::1 - - [07/Dec/2020:15:34:11 +0700] "GET /html/thuchanhphp/danhsachkhachhang.php HTTP/1.1" 404 487 "-" "Mozilla/5.0 (X11; Linux x86_64) AppleWebKit/537.36 (KHTML, like Gecko) Chrome/87.0.4280.88 Safari/537.36"
::1 - - [07/Dec/2020:15:34:11 +0700] "GET /html/thuchanhphp/danhsachkhachhang.php HTTP/1.1" 404 487 "-" "Mozilla/5.0 (X11; Linux x86_64) AppleWebKit/537.36 (KHTML, like Gecko) Chrome/87.0.4280.88 Safari/537.36"
::1 - - [07/Dec/2020:15:34:11 +0700] "GET /html/thuchanhphp/danhsachkhachhang.php HTTP/1.1" 404 487 "-" "Mozilla/5.0 (X11; Linux x86_64) AppleWebKit/537.36 (KHTML, like Gecko) Chrome/87.0.4280.88 Safari/537.36"
::1 - - [07/Dec/2020:15:34:11 +0700] "GET /html/thuchanhphp/danhsachkhachhang.php HTTP/1.1" 404 487 "-" "Mozilla/5.0 (X11; Linux x86_64) AppleWebKit/537.36 (KHTML, like Gecko) Chrome/87.0.4280.88 Safari/537.36"
::1 - - [07/Dec/2020:15:34:38 +0700] "GET /html/thuchanhphp/tudien.php HTTP/1.1" 404 488 "-" "Mozilla/5.0 (X11; Linux x86_64) AppleWebKit/537.36 (KHTML, like Gecko) Chrome/87.0.4280.88 Safari/537.36"
::1 - - [07/Dec/2020:15:36:16 +0700] "GET /html/thuchanhphp/tudien.php HTTP/1.1" 404 488 "-" "Mozilla/5.0 (X11; Linux x86_64) AppleWebKit/537.36 (KHTML, like Gecko) Chrome/87.0.4280.88 Safari/537.36"
::1 - - [07/Dec/2020:15:36:27 +0700] "GET /tudien.php HTTP/1.1" 404 488 "-" "Mozilla/5.0 (X11; Linux x86_64) AppleWebKit/537.36 (KHTML, like Gecko) Chrome/87.0.4280.88 Safari/537.36"
::1 - - [07/Dec/2020:15:38:57 +0700] "GET /html/thuchanhphp/tudien.php HTTP/1.1" 404 488 "-" "Mozilla/5.0 (X11; Linux x86_64) AppleWebKit/537.36 (KHTML, like Gecko) Chrome/87.0.4280.88 Safari/537.36"
::1 - - [07/Dec/2020:15:45:36 +0700] "GET /html/thuchanhphp/tudien.php HTTP/1.1" 404 488 "-" "Mozilla/5.0 (X11; Linux x86_64) AppleWebKit/537.36 (KHTML, like Gecko) Chrome/87.0.4280.88 Safari/537.36"
::1 - - [07/Dec/2020:15:46:00 +0700] "GET /thuchanhphp/tudien.php?search=dog HTTP/1.1" 200 1488 "http://localhost/thuchanhphp/tudien.php" "Mozilla/5.0 (X11; Linux x86_64) AppleWebKit/537.36 (KHTML, like Gecko) Chrome/87.0.4280.88 Safari/537.36"
::1 - - [07/Dec/2020:15:46:10 +0700] "GET /thuchanhphp/tudien.php?search=how HTTP/1.1" 200 1488 "http://localhost/thuchanhphp/tudien.php?search=dog" "Mozilla/5.0 (X11; Linux x86_64) AppleWebKit/537.36 (KHTML, like Gecko) Chrome/87.0.4280.88 Safari/537.36"
::1 - - [07/Dec/2020:15:46:12 +0700] "GET /thuchanhphp/tudien.php?search= HTTP/1.1" 304 180 "http://localhost/thuchanhphp/tudien.php?search=how" "Mozilla/5.0 (X11; Linux x86_64) AppleWebKit/537.36 (KHTML, like Gecko) Chrome/87.0.4280.88 Safari/537.36"
::1 - - [07/Dec/2020:16:09:19 +0700] "GET /trung/adidas/index.php HTTP/1.1" 404 488 "-" "Mozilla/5.0 (X11; Linux x86_64) AppleWebKit/537.36 (KHTML, like Gecko) Chrome/87.0.4280.88 Safari/537.36"
::1 - - [07/Dec/2020:16:10:46 +0700] "GET /html/thuchanhphp/tudien.php HTTP/1.1" 404 488 "-" "Mozilla/5.0 (X11; Linux x86_64) AppleWebKit/537.36 (KHTML, like Gecko) Chrome/87.0.4280.88 Safari/537.36"
::1 - - [07/Dec/2020:16:10:51 +0700] "GET /thuchanhphp/tudien.php HTTP/1.1" 200 1488 "-" "Mozilla/5.0 (X11; Linux x86_64) AppleWebKit/537.36 (KHTML, like Gecko) Chrome/87.0.4280.88 Safari/537.36"
::1 - - [07/Dec/2020:16:12:30 +0700] "GET /html/thuchanhphp/tudien.php HTTP/1.1" 404 488 "-" "Mozilla/5.0 (X11; Linux x86_64) AppleWebKit/537.36 (KHTML, like Gecko) Chrome/87.0.4280.88 Safari/537.36"
::1 - - [07/Dec/2020:16:12:35 +0700] "GET /thuchanhphp/tudien.php HTTP/1.1" 304 181 "-" "Mozilla/5.0 (X11; Linux x86_64) AppleWebKit/537.36 (KHTML, like Gecko) Chrome/87.0.4280.88 Safari/537.36"
::1 - - [07/Dec/2020:16:31:30 +0700] "GET /html/thuchanhphp/tudien.php HTTP/1.1" 404 488 "-" "Mozilla/5.0 (X11; Linux x86_64) AppleWebKit/537.36 (KHTML, like Gecko) Chrome/87.0.4280.88 Safari/537.36"
::1 - - [07/Dec/2020:16:31:32 +0700] "GET /html/thuchanhphp/tudien.php HTTP/1.1" 404 487 "-" "Mozilla/5.0 (X11; Linux x86_64) AppleWebKit/537.36 (KHTML, like Gecko) Chrome/87.0.4280.88 Safari/537.36"
::1 - - [07/Dec/2020:16:31:38 +0700] "GET /thuchanhphp/tudien.php HTTP/1.1" 304 181 "-" "Mozilla/5.0 (X11; Linux x86_64) AppleWebKit/537.36 (KHTML, like Gecko) Chrome/87.0.4280.88 Safari/537.36"
::1 - - [07/Dec/2020:16:31:45 +0700] "GET /thuchanhphp/tudien.php?search=dog HTTP/1.1" 200 1488 "http://localhost/thuchanhphp/tudien.php" "Mozilla/5.0 (X11; Linux x86_64) AppleWebKit/537.36 (KHTML, like Gecko) Chrome/87.0.4280.88 Safari/537.36"
::1 - - [07/Dec/2020:16:31:45 +0700] "GET /thuchanhphp/tudien.php?search= HTTP/1.1" 200 1487 "http://localhost/thuchanhphp/tudien.php?search=dog" "Mozilla/5.0 (X11; Linux x86_64) AppleWebKit/537.36 (KHTML, like Gecko) Chrome/87.0.4280.88 Safari/537.36"
127.0.0.1 - - [07/Dec/2020:16:36:49 +0700] "GET /html/thuchanhphp/hienthithoigian.php HTTP/1.1" 404 488 "-" "Mozilla/5.0 (X11; Ubuntu; Linux x86_64; rv:83.0) Gecko/20100101 Firefox/83.0"
::1 - - [07/Dec/2020:16:36:50 +0700] "GET /html/thuchanhphp/hienthithoigian.php HTTP/1.1" 404 488 "-" "Mozilla/5.0 (X11; Linux x86_64) AppleWebKit/537.36 (KHTML, like Gecko) Chrome/87.0.4280.88 Safari/537.36"
::1 - - [07/Dec/2020:16:37:05 +0700] "GET /thuchanhphp/hienthithoigian.php HTTP/1.1" 200 410 "-" "Mozilla/5.0 (X11; Linux x86_64) AppleWebKit/537.36 (KHTML, like Gecko) Chrome/87.0.4280.88 Safari/537.36"
::1 - - [07/Dec/2020:16:37:49 +0700] "GET /thuchanhphp/hienthithoigian.php HTTP/1.1" 304 180 "-" "Mozilla/5.0 (X11; Linux x86_64) AppleWebKit/537.36 (KHTML, like Gecko) Chrome/87.0.4280.88 Safari/537.36"
::1 - - [07/Dec/2020:16:37:50 +0700] "GET /thuchanhphp/hienthithoigian.php HTTP/1.1" 304 179 "-" "Mozilla/5.0 (X11; Linux x86_64) AppleWebKit/537.36 (KHTML, like Gecko) Chrome/87.0.4280.88 Safari/537.36"
::1 - - [07/Dec/2020:16:37:50 +0700] "GET /thuchanhphp/hienthithoigian.php HTTP/1.1" 304 179 "-" "Mozilla/5.0 (X11; Linux x86_64) AppleWebKit/537.36 (KHTML, like Gecko) Chrome/87.0.4280.88 Safari/537.36"
::1 - - [07/Dec/2020:16:37:51 +0700] "GET /thuchanhphp/hienthithoigian.php HTTP/1.1" 304 179 "-" "Mozilla/5.0 (X11; Linux x86_64) AppleWebKit/537.36 (KHTML, like Gecko) Chrome/87.0.4280.88 Safari/537.36"
::1 - - [07/Dec/2020:16:37:51 +0700] "GET /thuchanhphp/hienthithoigian.php HTTP/1.1" 304 179 "-" "Mozilla/5.0 (X11; Linux x86_64) AppleWebKit/537.36 (KHTML, like Gecko) Chrome/87.0.4280.88 Safari/537.36"
::1 - - [07/Dec/2020:16:37:51 +0700] "GET /thuchanhphp/hienthithoigian.php HTTP/1.1" 304 179 "-" "Mozilla/5.0 (X11; Linux x86_64) AppleWebKit/537.36 (KHTML, like Gecko) Chrome/87.0.4280.88 Safari/537.36"
::1 - - [07/Dec/2020:16:37:51 +0700] "GET /thuchanhphp/hienthithoigian.php HTTP/1.1" 304 179 "-" "Mozilla/5.0 (X11; Linux x86_64) AppleWebKit/537.36 (KHTML, like Gecko) Chrome/87.0.4280.88 Safari/537.36"
::1 - - [07/Dec/2020:16:37:52 +0700] "GET /thuchanhphp/hienthithoigian.php HTTP/1.1" 304 179 "-" "Mozilla/5.0 (X11; Linux x86_64) AppleWebKit/537.36 (KHTML, like Gecko) Chrome/87.0.4280.88 Safari/537.36"
::1 - - [07/Dec/2020:16:37:52 +0700] "GET /thuchanhphp/hienthithoigian.php HTTP/1.1" 304 179 "-" "Mozilla/5.0 (X11; Linux x86_64) AppleWebKit/537.36 (KHTML, like Gecko) Chrome/87.0.4280.88 Safari/537.36"
::1 - - [07/Dec/2020:16:37:52 +0700] "GET /thuchanhphp/hienthithoigian.php HTTP/1.1" 304 179 "-" "Mozilla/5.0 (X11; Linux x86_64) AppleWebKit/537.36 (KHTML, like Gecko) Chrome/87.0.4280.88 Safari/537.36"
::1 - - [07/Dec/2020:16:37:52 +0700] "GET /thuchanhphp/hienthithoigian.php HTTP/1.1" 304 179 "-" "Mozilla/5.0 (X11; Linux x86_64) AppleWebKit/537.36 (KHTML, like Gecko) Chrome/87.0.4280.88 Safari/537.36"
::1 - - [07/Dec/2020:16:37:52 +0700] "GET /thuchanhphp/hienthithoigian.php HTTP/1.1" 304 179 "-" "Mozilla/5.0 (X11; Linux x86_64) AppleWebKit/537.36 (KHTML, like Gecko) Chrome/87.0.4280.88 Safari/537.36"
::1 - - [07/Dec/2020:16:37:52 +0700] "GET /thuchanhphp/hienthithoigian.php HTTP/1.1" 304 179 "-" "Mozilla/5.0 (X11; Linux x86_64) AppleWebKit/537.36 (KHTML, like Gecko) Chrome/87.0.4280.88 Safari/537.36"
::1 - - [07/Dec/2020:16:37:53 +0700] "GET /thuchanhphp/hienthithoigian.php HTTP/1.1" 304 179 "-" "Mozilla/5.0 (X11; Linux x86_64) AppleWebKit/537.36 (KHTML, like Gecko) Chrome/87.0.4280.88 Safari/537.36"
::1 - - [07/Dec/2020:16:37:53 +0700] "GET /thuchanhphp/hienthithoigian.php HTTP/1.1" 304 179 "-" "Mozilla/5.0 (X11; Linux x86_64) AppleWebKit/537.36 (KHTML, like Gecko) Chrome/87.0.4280.88 Safari/537.36"
::1 - - [07/Dec/2020:16:37:53 +0700] "GET /thuchanhphp/hienthithoigian.php HTTP/1.1" 304 179 "-" "Mozilla/5.0 (X11; Linux x86_64) AppleWebKit/537.36 (KHTML, like Gecko) Chrome/87.0.4280.88 Safari/537.36"
::1 - - [07/Dec/2020:16:37:53 +0700] "GET /thuchanhphp/hienthithoigian.php HTTP/1.1" 304 179 "-" "Mozilla/5.0 (X11; Linux x86_64) AppleWebKit/537.36 (KHTML, like Gecko) Chrome/87.0.4280.88 Safari/537.36"
::1 - - [07/Dec/2020:16:37:53 +0700] "GET /thuchanhphp/hienthithoigian.php HTTP/1.1" 304 179 "-" "Mozilla/5.0 (X11; Linux x86_64) AppleWebKit/537.36 (KHTML, like Gecko) Chrome/87.0.4280.88 Safari/537.36"
::1 - - [07/Dec/2020:16:44:03 +0700] "GET /html/thuchanhphp/hienthithoigian.php HTTP/1.1" 404 488 "-" "Mozilla/5.0 (X11; Linux x86_64) AppleWebKit/537.36 (KHTML, like Gecko) Chrome/87.0.4280.88 Safari/537.36"
::1 - - [07/Dec/2020:16:51:00 +0700] "GET /html/thuchanhphp/hienthithoigian.php HTTP/1.1" 404 488 "-" "Mozilla/5.0 (X11; Linux x86_64) AppleWebKit/537.36 (KHTML, like Gecko) Chrome/87.0.4280.88 Safari/537.36"
::1 - - [07/Dec/2020:16:51:05 +0700] "GET /thuchanhphp/hienthithoigian.php HTTP/1.1" 304 180 "-" "Mozilla/5.0 (X11; Linux x86_64) AppleWebKit/537.36 (KHTML, like Gecko) Chrome/87.0.4280.88 Safari/537.36"
::1 - - [07/Dec/2020:16:51:23 +0700] "GET /html/thuchanhphp/hienthithoigian.php HTTP/1.1" 404 488 "-" "Mozilla/5.0 (X11; Linux x86_64) AppleWebKit/537.36 (KHTML, like Gecko) Chrome/87.0.4280.88 Safari/537.36"
::1 - - [07/Dec/2020:16:54:05 +0700] "GET /thuchanhphp/tudien.php?search=dog HTTP/1.1" 304 181 "http://localhost/thuchanhphp/tudien.php?search=" "Mozilla/5.0 (X11; Linux x86_64) AppleWebKit/537.36 (KHTML, like Gecko) Chrome/87.0.4280.88 Safari/537.36"
::1 - - [07/Dec/2020:16:54:07 +0700] "GET /thuchanhphp/tudien.php?search= HTTP/1.1" 304 180 "http://localhost/thuchanhphp/tudien.php?search=dog" "Mozilla/5.0 (X11; Linux x86_64) AppleWebKit/537.36 (KHTML, like Gecko) Chrome/87.0.4280.88 Safari/537.36"
::1 - - [07/Dec/2020:16:56:36 +0700] "GET /thuchanhphp/tudien.php?search=dog HTTP/1.1" 304 181 "http://localhost/thuchanhphp/tudien.php?search=" "Mozilla/5.0 (X11; Linux x86_64) AppleWebKit/537.36 (KHTML, like Gecko) Chrome/87.0.4280.88 Safari/537.36"
::1 - - [07/Dec/2020:16:56:40 +0700] "GET /thuchanhphp/tudien.php?search=case HTTP/1.1" 200 1488 "http://localhost/thuchanhphp/tudien.php?search=dog" "Mozilla/5.0 (X11; Linux x86_64) AppleWebKit/537.36 (KHTML, like Gecko) Chrome/87.0.4280.88 Safari/537.36"
::1 - - [08/Dec/2020:07:58:48 +0700] "GET /lesson2_php/lockhachhang HTTP/1.1" 404 488 "-" "Mozilla/5.0 (X11; Linux x86_64) AppleWebKit/537.36 (KHTML, like Gecko) Chrome/87.0.4280.88 Safari/537.36"
::1 - - [08/Dec/2020:07:58:48 +0700] "GET /favicon.ico HTTP/1.1" 404 487 "http://localhost/lesson2_php/lockhachhang" "Mozilla/5.0 (X11; Linux x86_64) AppleWebKit/537.36 (KHTML, like Gecko) Chrome/87.0.4280.88 Safari/537.36"
::1 - - [08/Dec/2020:07:59:00 +0700] "GET /lesson2_php/lockhachhang.php HTTP/1.1" 200 2955 "-" "Mozilla/5.0 (X11; Linux x86_64) AppleWebKit/537.36 (KHTML, like Gecko) Chrome/87.0.4280.88 Safari/537.36"
::1 - - [08/Dec/2020:08:02:02 +0700] "GET /html/lesson2_php/lockhachhang.php HTTP/1.1" 404 488 "-" "Mozilla/5.0 (X11; Linux x86_64) AppleWebKit/537.36 (KHTML, like Gecko) Chrome/87.0.4280.88 Safari/537.36"
::1 - - [08/Dec/2020:08:02:16 +0700] "GET /lesson2_php/lockhachhang.php HTTP/1.1" 304 181 "-" "Mozilla/5.0 (X11; Linux x86_64) AppleWebKit/537.36 (KHTML, like Gecko) Chrome/87.0.4280.88 Safari/537.36"
::1 - - [08/Dec/2020:08:09:31 +0700] "GET /html/lesson2_php/layout/index.php HTTP/1.1" 404 488 "-" "Mozilla/5.0 (X11; Linux x86_64) AppleWebKit/537.36 (KHTML, like Gecko) Chrome/87.0.4280.88 Safari/537.36"
::1 - - [08/Dec/2020:08:09:43 +0700] "GET /lesson2_php/layout/index.php HTTP/1.1" 200 645 "-" "Mozilla/5.0 (X11; Linux x86_64) AppleWebKit/537.36 (KHTML, like Gecko) Chrome/87.0.4280.88 Safari/537.36"
::1 - - [08/Dec/2020:08:10:25 +0700] "GET /html/lesson2_php/layout/index.php HTTP/1.1" 404 488 "-" "Mozilla/5.0 (X11; Linux x86_64) AppleWebKit/537.36 (KHTML, like Gecko) Chrome/87.0.4280.88 Safari/537.36"
::1 - - [08/Dec/2020:08:10:37 +0700] "GET /lesson2_php/layout/index.php HTTP/1.1" 304 181 "-" "Mozilla/5.0 (X11; Linux x86_64) AppleWebKit/537.36 (KHTML, like Gecko) Chrome/87.0.4280.88 Safari/537.36"
::1 - - [08/Dec/2020:09:37:18 +0700] "GET /html/lesson2_php/lockhachhang.php HTTP/1.1" 404 488 "-" "Mozilla/5.0 (X11; Linux x86_64) AppleWebKit/537.36 (KHTML, like Gecko) Chrome/87.0.4280.88 Safari/537.36"
::1 - - [08/Dec/2020:09:37:28 +0700] "GET /lesson2_php/lockhachhang.php HTTP/1.1" 200 2955 "-" "Mozilla/5.0 (X11; Linux x86_64) AppleWebKit/537.36 (KHTML, like Gecko) Chrome/87.0.4280.88 Safari/537.36"
::1 - - [08/Dec/2020:09:37:39 +0700] "GET /html/lesson2_php/lockhachhang.php HTTP/1.1" 404 488 "-" "Mozilla/5.0 (X11; Linux x86_64) AppleWebKit/537.36 (KHTML, like Gecko) Chrome/87.0.4280.88 Safari/537.36"
::1 - - [08/Dec/2020:09:37:39 +0700] "GET /favicon.ico HTTP/1.1" 404 487 "http://localhost/html/lesson2_php/lockhachhang.php" "Mozilla/5.0 (X11; Linux x86_64) AppleWebKit/537.36 (KHTML, like Gecko) Chrome/87.0.4280.88 Safari/537.36"
::1 - - [08/Dec/2020:09:37:46 +0700] "GET /lesson2_php/lockhachhang.php HTTP/1.1" 200 2955 "-" "Mozilla/5.0 (X11; Linux x86_64) AppleWebKit/537.36 (KHTML, like Gecko) Chrome/87.0.4280.88 Safari/537.36"
::1 - - [08/Dec/2020:10:11:47 +0700] "GET /html/lesson2_php/lockhachhang.php HTTP/1.1" 404 488 "-" "Mozilla/5.0 (X11; Linux x86_64) AppleWebKit/537.36 (KHTML, like Gecko) Chrome/87.0.4280.88 Safari/537.36"
::1 - - [08/Dec/2020:10:11:52 +0700] "GET /lesson2_php/lockhachhang.php HTTP/1.1" 304 181 "-" "Mozilla/5.0 (X11; Linux x86_64) AppleWebKit/537.36 (KHTML, like Gecko) Chrome/87.0.4280.88 Safari/537.36"
::1 - - [08/Dec/2020:10:13:54 +0700] "GET /lesson2_php/lockhachhang.php HTTP/1.1" 200 2946 "-" "Mozilla/5.0 (X11; Linux x86_64) AppleWebKit/537.36 (KHTML, like Gecko) Chrome/87.0.4280.88 Safari/537.36"
::1 - - [08/Dec/2020:10:13:55 +0700] "GET /lesson2_php/lockhachhang.php HTTP/1.1" 304 181 "-" "Mozilla/5.0 (X11; Linux x86_64) AppleWebKit/537.36 (KHTML, like Gecko) Chrome/87.0.4280.88 Safari/537.36"
::1 - - [08/Dec/2020:10:14:18 +0700] "GET /lesson2_php/ HTTP/1.1" 200 742 "-" "Mozilla/5.0 (X11; Linux x86_64) AppleWebKit/537.36 (KHTML, like Gecko) Chrome/87.0.4280.88 Safari/537.36"
::1 - - [08/Dec/2020:10:14:18 +0700] "GET /icons/back.gif HTTP/1.1" 200 500 "http://localhost/lesson2_php/" "Mozilla/5.0 (X11; Linux x86_64) AppleWebKit/537.36 (KHTML, like Gecko) Chrome/87.0.4280.88 Safari/537.36"
::1 - - [08/Dec/2020:10:14:18 +0700] "GET /icons/unknown.gif HTTP/1.1" 200 529 "http://localhost/lesson2_php/" "Mozilla/5.0 (X11; Linux x86_64) AppleWebKit/537.36 (KHTML, like Gecko) Chrome/87.0.4280.88 Safari/537.36"
::1 - - [08/Dec/2020:10:14:18 +0700] "GET /icons/blank.gif HTTP/1.1" 200 431 "http://localhost/lesson2_php/" "Mozilla/5.0 (X11; Linux x86_64) AppleWebKit/537.36 (KHTML, like Gecko) Chrome/87.0.4280.88 Safari/537.36"
::1 - - [08/Dec/2020:10:14:18 +0700] "GET /icons/folder.gif HTTP/1.1" 200 509 "http://localhost/lesson2_php/" "Mozilla/5.0 (X11; Linux x86_64) AppleWebKit/537.36 (KHTML, like Gecko) Chrome/87.0.4280.88 Safari/537.36"
::1 - - [08/Dec/2020:10:14:25 +0700] "GET /lesson2_php/lockhachhang.php HTTP/1.1" 200 2955 "http://localhost/lesson2_php/" "Mozilla/5.0 (X11; Linux x86_64) AppleWebKit/537.36 (KHTML, like Gecko) Chrome/87.0.4280.88 Safari/537.36"
::1 - - [08/Dec/2020:10:15:03 +0700] "GET /lesson2_php/ HTTP/1.1" 200 2955 "-" "Mozilla/5.0 (X11; Linux x86_64) AppleWebKit/537.36 (KHTML, like Gecko) Chrome/87.0.4280.88 Safari/537.36"
::1 - - [08/Dec/2020:10:15:44 +0700] "GET /lesson2_php/ HTTP/1.1" 200 2998 "-" "Mozilla/5.0 (X11; Linux x86_64) AppleWebKit/537.36 (KHTML, like Gecko) Chrome/87.0.4280.88 Safari/537.36"
::1 - - [08/Dec/2020:10:15:45 +0700] "GET /lesson2_php/ HTTP/1.1" 304 181 "-" "Mozilla/5.0 (X11; Linux x86_64) AppleWebKit/537.36 (KHTML, like Gecko) Chrome/87.0.4280.88 Safari/537.36"
::1 - - [08/Dec/2020:10:15:45 +0700] "GET /lesson2_php/ HTTP/1.1" 304 180 "-" "Mozilla/5.0 (X11; Linux x86_64) AppleWebKit/537.36 (KHTML, like Gecko) Chrome/87.0.4280.88 Safari/537.36"
::1 - - [08/Dec/2020:10:19:47 +0700] "GET /lesson2_php/ HTTP/1.1" 200 2833 "-" "Mozilla/5.0 (X11; Linux x86_64) AppleWebKit/537.36 (KHTML, like Gecko) Chrome/87.0.4280.88 Safari/537.36"
::1 - - [08/Dec/2020:10:19:48 +0700] "GET /lesson2_php/ HTTP/1.1" 304 180 "-" "Mozilla/5.0 (X11; Linux x86_64) AppleWebKit/537.36 (KHTML, like Gecko) Chrome/87.0.4280.88 Safari/537.36"
::1 - - [08/Dec/2020:10:19:52 +0700] "GET / HTTP/1.1" 200 715 "-" "Mozilla/5.0 (X11; Linux x86_64) AppleWebKit/537.36 (KHTML, like Gecko) Chrome/87.0.4280.88 Safari/537.36"
::1 - - [08/Dec/2020:10:20:17 +0700] "GET /lesson2_php/ HTTP/1.1" 304 181 "http://localhost/" "Mozilla/5.0 (X11; Linux x86_64) AppleWebKit/537.36 (KHTML, like Gecko) Chrome/87.0.4280.88 Safari/537.36"
::1 - - [08/Dec/2020:10:21:33 +0700] "GET /lesson2_php/ HTTP/1.1" 200 2825 "http://localhost/" "Mozilla/5.0 (X11; Linux x86_64) AppleWebKit/537.36 (KHTML, like Gecko) Chrome/87.0.4280.88 Safari/537.36"
::1 - - [08/Dec/2020:10:22:04 +0700] "GET /lesson2_php/index.php HTTP/1.1" 200 2825 "-" "Mozilla/5.0 (X11; Linux x86_64) AppleWebKit/537.36 (KHTML, like Gecko) Chrome/87.0.4280.88 Safari/537.36"
::1 - - [08/Dec/2020:10:22:08 +0700] "GET /lesson2_php/ HTTP/1.1" 304 181 "-" "Mozilla/5.0 (X11; Linux x86_64) AppleWebKit/537.36 (KHTML, like Gecko) Chrome/87.0.4280.88 Safari/537.36"
::1 - - [08/Dec/2020:10:24:08 +0700] "GET /lesson2_php/index HTTP/1.1" 404 488 "-" "Mozilla/5.0 (X11; Linux x86_64) AppleWebKit/537.36 (KHTML, like Gecko) Chrome/87.0.4280.88 Safari/537.36"
::1 - - [08/Dec/2020:10:24:19 +0700] "GET /lesson2_php/layout HTTP/1.1" 301 592 "-" "Mozilla/5.0 (X11; Linux x86_64) AppleWebKit/537.36 (KHTML, like Gecko) Chrome/87.0.4280.88 Safari/537.36"
::1 - - [08/Dec/2020:10:24:19 +0700] "GET /lesson2_php/layout/ HTTP/1.1" 200 644 "-" "Mozilla/5.0 (X11; Linux x86_64) AppleWebKit/537.36 (KHTML, like Gecko) Chrome/87.0.4280.88 Safari/537.36"
::1 - - [08/Dec/2020:10:26:37 +0700] "GET /test HTTP/1.1" 301 564 "-" "Mozilla/5.0 (X11; Linux x86_64) AppleWebKit/537.36 (KHTML, like Gecko) Chrome/87.0.4280.88 Safari/537.36"
::1 - - [08/Dec/2020:10:26:37 +0700] "GET /test/ HTTP/1.1" 200 273 "-" "Mozilla/5.0 (X11; Linux x86_64) AppleWebKit/537.36 (KHTML, like Gecko) Chrome/87.0.4280.88 Safari/537.36"
::1 - - [08/Dec/2020:10:27:49 +0700] "GET /html/lesson2_php/index.php HTTP/1.1" 404 488 "-" "Mozilla/5.0 (X11; Linux x86_64) AppleWebKit/537.36 (KHTML, like Gecko) Chrome/87.0.4280.88 Safari/537.36"
::1 - - [08/Dec/2020:10:28:02 +0700] "GET /lesson2_php/index.php HTTP/1.1" 304 181 "-" "Mozilla/5.0 (X11; Linux x86_64) AppleWebKit/537.36 (KHTML, like Gecko) Chrome/87.0.4280.88 Safari/537.36"
::1 - - [08/Dec/2020:10:29:22 +0700] "GET /test/index.php HTTP/1.1" 200 277 "-" "Mozilla/5.0 (X11; Linux x86_64) AppleWebKit/537.36 (KHTML, like Gecko) Chrome/87.0.4280.88 Safari/537.36"
::1 - - [08/Dec/2020:10:32:02 +0700] "GET /test/index.php HTTP/1.1" 304 180 "-" "Mozilla/5.0 (X11; Linux x86_64) AppleWebKit/537.36 (KHTML, like Gecko) Chrome/87.0.4280.88 Safari/537.36"
::1 - - [08/Dec/2020:10:32:06 +0700] "GET /test/index.php HTTP/1.1" 304 180 "-" "Mozilla/5.0 (X11; Linux x86_64) AppleWebKit/537.36 (KHTML, like Gecko) Chrome/87.0.4280.88 Safari/537.36"
::1 - - [08/Dec/2020:10:33:28 +0700] "GET / HTTP/1.1" 200 728 "-" "Mozilla/5.0 (X11; Linux x86_64) AppleWebKit/537.36 (KHTML, like Gecko) Chrome/87.0.4280.88 Safari/537.36"
::1 - - [08/Dec/2020:10:33:43 +0700] "GET / HTTP/1.1" 200 728 "-" "Mozilla/5.0 (X11; Linux x86_64) AppleWebKit/537.36 (KHTML, like Gecko) Chrome/87.0.4280.88 Safari/537.36"
::1 - - [08/Dec/2020:10:41:28 +0700] "GET /test/ HTTP/1.1" 200 223 "-" "Mozilla/5.0 (X11; Linux x86_64) AppleWebKit/537.36 (KHTML, like Gecko) Chrome/87.0.4280.88 Safari/537.36"
::1 - - [08/Dec/2020:10:41:30 +0700] "GET /test/ HTTP/1.1" 200 223 "-" "Mozilla/5.0 (X11; Linux x86_64) AppleWebKit/537.36 (KHTML, like Gecko) Chrome/87.0.4280.88 Safari/537.36"
::1 - - [08/Dec/2020:10:41:31 +0700] "GET /test/ HTTP/1.1" 200 222 "-" "Mozilla/5.0 (X11; Linux x86_64) AppleWebKit/537.36 (KHTML, like Gecko) Chrome/87.0.4280.88 Safari/537.36"
::1 - - [08/Dec/2020:10:41:31 +0700] "GET /test/ HTTP/1.1" 200 222 "-" "Mozilla/5.0 (X11; Linux x86_64) AppleWebKit/537.36 (KHTML, like Gecko) Chrome/87.0.4280.88 Safari/537.36"
::1 - - [08/Dec/2020:10:41:31 +0700] "GET /test/ HTTP/1.1" 200 222 "-" "Mozilla/5.0 (X11; Linux x86_64) AppleWebKit/537.36 (KHTML, like Gecko) Chrome/87.0.4280.88 Safari/537.36"
::1 - - [08/Dec/2020:10:41:31 +0700] "GET /test/ HTTP/1.1" 200 222 "-" "Mozilla/5.0 (X11; Linux x86_64) AppleWebKit/537.36 (KHTML, like Gecko) Chrome/87.0.4280.88 Safari/537.36"
::1 - - [08/Dec/2020:10:41:59 +0700] "GET /test/index.php HTTP/1.1" 200 223 "-" "Mozilla/5.0 (X11; Linux x86_64) AppleWebKit/537.36 (KHTML, like Gecko) Chrome/87.0.4280.88 Safari/537.36"
::1 - - [08/Dec/2020:10:44:04 +0700] "GET /test/index.php HTTP/1.1" 200 223 "-" "Mozilla/5.0 (X11; Linux x86_64) AppleWebKit/537.36 (KHTML, like Gecko) Chrome/87.0.4280.88 Safari/537.36"
::1 - - [08/Dec/2020:10:44:05 +0700] "GET /test/index.php HTTP/1.1" 200 223 "-" "Mozilla/5.0 (X11; Linux x86_64) AppleWebKit/537.36 (KHTML, like Gecko) Chrome/87.0.4280.88 Safari/537.36"
::1 - - [08/Dec/2020:10:44:05 +0700] "GET /test/index.php HTTP/1.1" 200 222 "-" "Mozilla/5.0 (X11; Linux x86_64) AppleWebKit/537.36 (KHTML, like Gecko) Chrome/87.0.4280.88 Safari/537.36"
::1 - - [08/Dec/2020:10:44:05 +0700] "GET /test/index.php HTTP/1.1" 200 222 "-" "Mozilla/5.0 (X11; Linux x86_64) AppleWebKit/537.36 (KHTML, like Gecko) Chrome/87.0.4280.88 Safari/537.36"
::1 - - [08/Dec/2020:10:45:32 +0700] "GET /test/index.php HTTP/1.1" 200 215 "-" "Mozilla/5.0 (X11; Linux x86_64) AppleWebKit/537.36 (KHTML, like Gecko) Chrome/87.0.4280.88 Safari/537.36"
::1 - - [08/Dec/2020:10:45:34 +0700] "GET /test/index.php HTTP/1.1" 200 214 "-" "Mozilla/5.0 (X11; Linux x86_64) AppleWebKit/537.36 (KHTML, like Gecko) Chrome/87.0.4280.88 Safari/537.36"
::1 - - [08/Dec/2020:10:45:34 +0700] "GET /test/index.php HTTP/1.1" 200 215 "-" "Mozilla/5.0 (X11; Linux x86_64) AppleWebKit/537.36 (KHTML, like Gecko) Chrome/87.0.4280.88 Safari/537.36"
::1 - - [08/Dec/2020:10:45:35 +0700] "GET /test/index.php HTTP/1.1" 200 214 "-" "Mozilla/5.0 (X11; Linux x86_64) AppleWebKit/537.36 (KHTML, like Gecko) Chrome/87.0.4280.88 Safari/537.36"
::1 - - [08/Dec/2020:10:45:35 +0700] "GET /test/index.php HTTP/1.1" 200 214 "-" "Mozilla/5.0 (X11; Linux x86_64) AppleWebKit/537.36 (KHTML, like Gecko) Chrome/87.0.4280.88 Safari/537.36"
::1 - - [08/Dec/2020:10:45:35 +0700] "GET /test/index.php HTTP/1.1" 200 214 "-" "Mozilla/5.0 (X11; Linux x86_64) AppleWebKit/537.36 (KHTML, like Gecko) Chrome/87.0.4280.88 Safari/537.36"
::1 - - [08/Dec/2020:10:45:35 +0700] "GET /test/index.php HTTP/1.1" 200 214 "-" "Mozilla/5.0 (X11; Linux x86_64) AppleWebKit/537.36 (KHTML, like Gecko) Chrome/87.0.4280.88 Safari/537.36"
::1 - - [08/Dec/2020:10:45:35 +0700] "GET /test/index.php HTTP/1.1" 200 214 "-" "Mozilla/5.0 (X11; Linux x86_64) AppleWebKit/537.36 (KHTML, like Gecko) Chrome/87.0.4280.88 Safari/537.36"
::1 - - [08/Dec/2020:10:45:35 +0700] "GET /test/index.php HTTP/1.1" 200 214 "-" "Mozilla/5.0 (X11; Linux x86_64) AppleWebKit/537.36 (KHTML, like Gecko) Chrome/87.0.4280.88 Safari/537.36"
::1 - - [08/Dec/2020:10:45:36 +0700] "GET /test/index.php HTTP/1.1" 200 214 "-" "Mozilla/5.0 (X11; Linux x86_64) AppleWebKit/537.36 (KHTML, like Gecko) Chrome/87.0.4280.88 Safari/537.36"
::1 - - [08/Dec/2020:10:45:57 +0700] "GET /lesson2_php/ HTTP/1.1" 200 870 "-" "Mozilla/5.0 (X11; Linux x86_64) AppleWebKit/537.36 (KHTML, like Gecko) Chrome/87.0.4280.88 Safari/537.36"
::1 - - [08/Dec/2020:10:45:57 +0700] "GET /lesson2_php/css/style.css HTTP/1.1" 404 487 "http://localhost/lesson2_php/" "Mozilla/5.0 (X11; Linux x86_64) AppleWebKit/537.36 (KHTML, like Gecko) Chrome/87.0.4280.88 Safari/537.36"
::1 - - [08/Dec/2020:10:45:57 +0700] "GET /lesson2_php/images/img1.jpg HTTP/1.1" 404 488 "http://localhost/lesson2_php/" "Mozilla/5.0 (X11; Linux x86_64) AppleWebKit/537.36 (KHTML, like Gecko) Chrome/87.0.4280.88 Safari/537.36"
::1 - - [08/Dec/2020:10:45:57 +0700] "GET /lesson2_php/images/img2.jpg HTTP/1.1" 404 488 "http://localhost/lesson2_php/" "Mozilla/5.0 (X11; Linux x86_64) AppleWebKit/537.36 (KHTML, like Gecko) Chrome/87.0.4280.88 Safari/537.36"
::1 - - [08/Dec/2020:10:45:57 +0700] "GET /lesson2_php/images/img3.jpg HTTP/1.1" 404 488 "http://localhost/lesson2_php/" "Mozilla/5.0 (X11; Linux x86_64) AppleWebKit/537.36 (KHTML, like Gecko) Chrome/87.0.4280.88 Safari/537.36"
::1 - - [08/Dec/2020:10:45:57 +0700] "GET /lesson2_php/images/img4.jpg HTTP/1.1" 404 488 "http://localhost/lesson2_php/" "Mozilla/5.0 (X11; Linux x86_64) AppleWebKit/537.36 (KHTML, like Gecko) Chrome/87.0.4280.88 Safari/537.36"
::1 - - [08/Dec/2020:10:45:57 +0700] "GET /lesson2_php/images/img5.jpg HTTP/1.1" 404 488 "http://localhost/lesson2_php/" "Mozilla/5.0 (X11; Linux x86_64) AppleWebKit/537.36 (KHTML, like Gecko) Chrome/87.0.4280.88 Safari/537.36"
::1 - - [08/Dec/2020:10:47:20 +0700] "GET /html/lesson1_php/hienthithoigian.php HTTP/1.1" 404 488 "-" "Mozilla/5.0 (X11; Linux x86_64) AppleWebKit/537.36 (KHTML, like Gecko) Chrome/87.0.4280.88 Safari/537.36"
::1 - - [08/Dec/2020:10:47:29 +0700] "GET /lesson1_php/hienthithoigian.php HTTP/1.1" 200 385 "-" "Mozilla/5.0 (X11; Linux x86_64) AppleWebKit/537.36 (KHTML, like Gecko) Chrome/87.0.4280.88 Safari/537.36"
::1 - - [08/Dec/2020:10:52:17 +0700] "GET /html/lesson2_php/index.php HTTP/1.1" 404 488 "-" "Mozilla/5.0 (X11; Linux x86_64) AppleWebKit/537.36 (KHTML, like Gecko) Chrome/87.0.4280.88 Safari/537.36"
::1 - - [08/Dec/2020:10:52:17 +0700] "GET /favicon.ico HTTP/1.1" 404 487 "http://localhost/html/lesson2_php/index.php" "Mozilla/5.0 (X11; Linux x86_64) AppleWebKit/537.36 (KHTML, like Gecko) Chrome/87.0.4280.88 Safari/537.36"
::1 - - [08/Dec/2020:10:52:23 +0700] "GET /lesson2_php/index.php HTTP/1.1" 200 870 "-" "Mozilla/5.0 (X11; Linux x86_64) AppleWebKit/537.36 (KHTML, like Gecko) Chrome/87.0.4280.88 Safari/537.36"
::1 - - [08/Dec/2020:10:52:23 +0700] "GET /lesson2_php/css/style.css HTTP/1.1" 404 487 "http://localhost/lesson2_php/index.php" "Mozilla/5.0 (X11; Linux x86_64) AppleWebKit/537.36 (KHTML, like Gecko) Chrome/87.0.4280.88 Safari/537.36"
::1 - - [08/Dec/2020:10:52:23 +0700] "GET /lesson2_php/images/img1.jpg HTTP/1.1" 404 488 "http://localhost/lesson2_php/index.php" "Mozilla/5.0 (X11; Linux x86_64) AppleWebKit/537.36 (KHTML, like Gecko) Chrome/87.0.4280.88 Safari/537.36"
::1 - - [08/Dec/2020:10:52:23 +0700] "GET /lesson2_php/images/img2.jpg HTTP/1.1" 404 488 "http://localhost/lesson2_php/index.php" "Mozilla/5.0 (X11; Linux x86_64) AppleWebKit/537.36 (KHTML, like Gecko) Chrome/87.0.4280.88 Safari/537.36"
::1 - - [08/Dec/2020:10:52:23 +0700] "GET /lesson2_php/images/img4.jpg HTTP/1.1" 404 488 "http://localhost/lesson2_php/index.php" "Mozilla/5.0 (X11; Linux x86_64) AppleWebKit/537.36 (KHTML, like Gecko) Chrome/87.0.4280.88 Safari/537.36"
::1 - - [08/Dec/2020:10:52:23 +0700] "GET /lesson2_php/images/img3.jpg HTTP/1.1" 404 488 "http://localhost/lesson2_php/index.php" "Mozilla/5.0 (X11; Linux x86_64) AppleWebKit/537.36 (KHTML, like Gecko) Chrome/87.0.4280.88 Safari/537.36"
::1 - - [08/Dec/2020:10:52:23 +0700] "GET /lesson2_php/images/img5.jpg HTTP/1.1" 404 488 "http://localhost/lesson2_php/index.php" "Mozilla/5.0 (X11; Linux x86_64) AppleWebKit/537.36 (KHTML, like Gecko) Chrome/87.0.4280.88 Safari/537.36"
::1 - - [08/Dec/2020:10:52:26 +0700] "OPTIONS * HTTP/1.0" 200 126 "-" "Apache/2.4.41 (Ubuntu) (internal dummy connection)"
::1 - - [08/Dec/2020:10:52:27 +0700] "OPTIONS * HTTP/1.0" 200 126 "-" "Apache/2.4.41 (Ubuntu) (internal dummy connection)"
::1 - - [08/Dec/2020:10:55:21 +0700] "GET /html/lesson2_php/layout/index.php HTTP/1.1" 404 488 "-" "Mozilla/5.0 (X11; Linux x86_64) AppleWebKit/537.36 (KHTML, like Gecko) Chrome/87.0.4280.88 Safari/537.36"
::1 - - [08/Dec/2020:10:55:29 +0700] "GET /lesson2_php/layout/index.php HTTP/1.1" 200 884 "-" "Mozilla/5.0 (X11; Linux x86_64) AppleWebKit/537.36 (KHTML, like Gecko) Chrome/87.0.4280.88 Safari/537.36"
::1 - - [08/Dec/2020:10:55:29 +0700] "GET /lesson2_php/layout/style.css HTTP/1.1" 404 487 "http://localhost/lesson2_php/layout/index.php" "Mozilla/5.0 (X11; Linux x86_64) AppleWebKit/537.36 (KHTML, like Gecko) Chrome/87.0.4280.88 Safari/537.36"
::1 - - [08/Dec/2020:10:58:58 +0700] "GET /html/lesson2_php/layout/header.php HTTP/1.1" 404 488 "-" "Mozilla/5.0 (X11; Linux x86_64) AppleWebKit/537.36 (KHTML, like Gecko) Chrome/87.0.4280.88 Safari/537.36"
::1 - - [08/Dec/2020:10:59:05 +0700] "GET /lesson2_php/layout/header.php HTTP/1.1" 200 469 "-" "Mozilla/5.0 (X11; Linux x86_64) AppleWebKit/537.36 (KHTML, like Gecko) Chrome/87.0.4280.88 Safari/537.36"
::1 - - [08/Dec/2020:10:59:45 +0700] "GET /html/lesson2_php/layout/nav.php HTTP/1.1" 404 488 "-" "Mozilla/5.0 (X11; Linux x86_64) AppleWebKit/537.36 (KHTML, like Gecko) Chrome/87.0.4280.88 Safari/537.36"
::1 - - [08/Dec/2020:10:59:50 +0700] "GET /lesson2_php/layout/nav.php HTTP/1.1" 200 438 "-" "Mozilla/5.0 (X11; Linux x86_64) AppleWebKit/537.36 (KHTML, like Gecko) Chrome/87.0.4280.88 Safari/537.36"
::1 - - [08/Dec/2020:11:00:27 +0700] "GET /html/lesson2_php/layout/header.php HTTP/1.1" 404 488 "-" "Mozilla/5.0 (X11; Linux x86_64) AppleWebKit/537.36 (KHTML, like Gecko) Chrome/87.0.4280.88 Safari/537.36"
::1 - - [08/Dec/2020:11:00:32 +0700] "GET /lesson2_php/layout/header.php HTTP/1.1" 200 434 "-" "Mozilla/5.0 (X11; Linux x86_64) AppleWebKit/537.36 (KHTML, like Gecko) Chrome/87.0.4280.88 Safari/537.36"
::1 - - [08/Dec/2020:11:01:36 +0700] "GET /html/lesson2_php/layout/content.php HTTP/1.1" 404 488 "-" "Mozilla/5.0 (X11; Linux x86_64) AppleWebKit/537.36 (KHTML, like Gecko) Chrome/87.0.4280.88 Safari/537.36"
::1 - - [08/Dec/2020:11:01:40 +0700] "GET /lesson2_php/layout/content.php HTTP/1.1" 200 559 "-" "Mozilla/5.0 (X11; Linux x86_64) AppleWebKit/537.36 (KHTML, like Gecko) Chrome/87.0.4280.88 Safari/537.36"
::1 - - [08/Dec/2020:11:02:22 +0700] "GET /html/lesson2_php/layout/footer.php HTTP/1.1" 404 488 "-" "Mozilla/5.0 (X11; Linux x86_64) AppleWebKit/537.36 (KHTML, like Gecko) Chrome/87.0.4280.88 Safari/537.36"
::1 - - [08/Dec/2020:11:02:28 +0700] "GET /lesson2_php/layout/footer.php HTTP/1.1" 200 400 "-" "Mozilla/5.0 (X11; Linux x86_64) AppleWebKit/537.36 (KHTML, like Gecko) Chrome/87.0.4280.88 Safari/537.36"
::1 - - [08/Dec/2020:11:02:44 +0700] "GET /html/lesson2_php/layout/index.php HTTP/1.1" 404 488 "-" "Mozilla/5.0 (X11; Linux x86_64) AppleWebKit/537.36 (KHTML, like Gecko) Chrome/87.0.4280.88 Safari/537.36"
::1 - - [08/Dec/2020:11:02:48 +0700] "GET /lesson2_php/layout/index.php HTTP/1.1" 200 920 "-" "Mozilla/5.0 (X11; Linux x86_64) AppleWebKit/537.36 (KHTML, like Gecko) Chrome/87.0.4280.88 Safari/537.36"
::1 - - [08/Dec/2020:11:02:48 +0700] "GET /lesson2_php/layout/style.css HTTP/1.1" 404 487 "http://localhost/lesson2_php/layout/index.php" "Mozilla/5.0 (X11; Linux x86_64) AppleWebKit/537.36 (KHTML, like Gecko) Chrome/87.0.4280.88 Safari/537.36"
