[Sat Dec 05 15:18:44.581794 2020] [mpm_event:notice] [pid 5906:tid 139869280873536] AH00489: Apache/2.4.41 (Ubuntu) configured -- resuming normal operations
[Sat Dec 05 15:18:44.581891 2020] [core:notice] [pid 5906:tid 139869280873536] AH00094: Command line: '/usr/sbin/apache2'
[Sat Dec 05 15:59:42.731125 2020] [mpm_event:notice] [pid 5906:tid 139869280873536] AH00491: caught SIGTERM, shutting down
[Sat Dec 05 16:37:13.071734 2020] [mpm_event:notice] [pid 896:tid 139867255921728] AH00489: Apache/2.4.41 (Ubuntu) configured -- resuming normal operations
[Sat Dec 05 16:37:13.075795 2020] [core:notice] [pid 896:tid 139867255921728] AH00094: Command line: '/usr/sbin/apache2'
[Sat Dec 05 16:58:27.791770 2020] [mpm_event:notice] [pid 896:tid 139867255921728] AH00491: caught SIGTERM, shutting down
[Sat Dec 05 16:58:45.122530 2020] [mpm_event:notice] [pid 898:tid 140458695789632] AH00489: Apache/2.4.41 (Ubuntu) configured -- resuming normal operations
[Sat Dec 05 16:58:45.123073 2020] [core:notice] [pid 898:tid 140458695789632] AH00094: Command line: '/usr/sbin/apache2'
[Sat Dec 05 19:38:27.806106 2020] [mpm_event:notice] [pid 898:tid 140458695789632] AH00491: caught SIGTERM, shutting down
[Sat Dec 05 20:02:26.264750 2020] [mpm_event:notice] [pid 928:tid 140511690984512] AH00489: Apache/2.4.41 (Ubuntu) configured -- resuming normal operations
[Sat Dec 05 20:02:26.266166 2020] [core:notice] [pid 928:tid 140511690984512] AH00094: Command line: '/usr/sbin/apache2'
[Sat Dec 05 23:02:47.274323 2020] [mpm_event:notice] [pid 928:tid 140511690984512] AH00491: caught SIGTERM, shutting down
[Sun Dec 06 07:33:52.024703 2020] [mpm_event:notice] [pid 897:tid 139674307677248] AH00489: Apache/2.4.41 (Ubuntu) configured -- resuming normal operations
[Sun Dec 06 07:33:52.025858 2020] [core:notice] [pid 897:tid 139674307677248] AH00094: Command line: '/usr/sbin/apache2'
[Sun Dec 06 11:37:30.243916 2020] [mpm_event:notice] [pid 897:tid 139674307677248] AH00491: caught SIGTERM, shutting down
[Sun Dec 06 12:10:57.050820 2020] [mpm_event:notice] [pid 900:tid 139799177149504] AH00489: Apache/2.4.41 (Ubuntu) configured -- resuming normal operations
[Sun Dec 06 12:10:57.051268 2020] [core:notice] [pid 900:tid 139799177149504] AH00094: Command line: '/usr/sbin/apache2'
[Sun Dec 06 19:33:42.444228 2020] [mpm_event:notice] [pid 900:tid 139799177149504] AH00491: caught SIGTERM, shutting down
[Sun Dec 06 21:53:06.340982 2020] [mpm_event:notice] [pid 982:tid 139821802978368] AH00489: Apache/2.4.41 (Ubuntu) configured -- resuming normal operations
[Sun Dec 06 21:53:06.347014 2020] [core:notice] [pid 982:tid 139821802978368] AH00094: Command line: '/usr/sbin/apache2'
[Sun Dec 06 23:24:04.592157 2020] [mpm_event:notice] [pid 982:tid 139821802978368] AH00491: caught SIGTERM, shutting down
[Mon Dec 07 07:33:24.339992 2020] [mpm_event:notice] [pid 954:tid 140460074720320] AH00489: Apache/2.4.41 (Ubuntu) configured -- resuming normal operations
[Mon Dec 07 07:33:24.341522 2020] [core:notice] [pid 954:tid 140460074720320] AH00094: Command line: '/usr/sbin/apache2'
[Mon Dec 07 11:30:52.121158 2020] [mpm_event:notice] [pid 954:tid 140460074720320] AH00491: caught SIGTERM, shutting down
[Mon Dec 07 12:56:25.945121 2020] [mpm_event:notice] [pid 953:tid 140574072273984] AH00489: Apache/2.4.41 (Ubuntu) configured -- resuming normal operations
[Mon Dec 07 12:56:25.949798 2020] [core:notice] [pid 953:tid 140574072273984] AH00094: Command line: '/usr/sbin/apache2'
[Mon Dec 07 16:59:28.068906 2020] [mpm_event:notice] [pid 953:tid 140574072273984] AH00491: caught SIGTERM, shutting down
[Mon Dec 07 17:21:57.202404 2020] [mpm_event:notice] [pid 948:tid 140711383923776] AH00489: Apache/2.4.41 (Ubuntu) configured -- resuming normal operations
[Mon Dec 07 17:21:57.202822 2020] [core:notice] [pid 948:tid 140711383923776] AH00094: Command line: '/usr/sbin/apache2'
[Mon Dec 07 19:26:45.584935 2020] [mpm_event:notice] [pid 948:tid 140711383923776] AH00491: caught SIGTERM, shutting down
[Mon Dec 07 19:41:58.994782 2020] [mpm_event:notice] [pid 949:tid 140115104566336] AH00489: Apache/2.4.41 (Ubuntu) configured -- resuming normal operations
[Mon Dec 07 19:41:59.000144 2020] [core:notice] [pid 949:tid 140115104566336] AH00094: Command line: '/usr/sbin/apache2'
[Mon Dec 07 20:03:47.088577 2020] [mpm_event:notice] [pid 949:tid 140115104566336] AH00491: caught SIGTERM, shutting down
[Mon Dec 07 21:07:51.092906 2020] [mpm_event:notice] [pid 962:tid 140181679045696] AH00489: Apache/2.4.41 (Ubuntu) configured -- resuming normal operations
[Mon Dec 07 21:07:51.096643 2020] [core:notice] [pid 962:tid 140181679045696] AH00094: Command line: '/usr/sbin/apache2'
[Mon Dec 07 22:14:47.134018 2020] [mpm_event:notice] [pid 962:tid 140181679045696] AH00491: caught SIGTERM, shutting down
[Mon Dec 07 22:16:58.105482 2020] [mpm_event:notice] [pid 928:tid 140294952049728] AH00489: Apache/2.4.41 (Ubuntu) configured -- resuming normal operations
[Mon Dec 07 22:16:58.120119 2020] [core:notice] [pid 928:tid 140294952049728] AH00094: Command line: '/usr/sbin/apache2'
[Mon Dec 07 23:10:22.664807 2020] [mpm_event:notice] [pid 928:tid 140294952049728] AH00491: caught SIGTERM, shutting down
[Tue Dec 08 07:35:33.866872 2020] [mpm_event:notice] [pid 916:tid 140502316522560] AH00489: Apache/2.4.41 (Ubuntu) configured -- resuming normal operations
[Tue Dec 08 07:35:33.869685 2020] [core:notice] [pid 916:tid 140502316522560] AH00094: Command line: '/usr/sbin/apache2'
[Tue Dec 08 10:38:22.309091 2020] [mpm_event:notice] [pid 916:tid 140502316522560] AH00491: caught SIGTERM, shutting down
[Tue Dec 08 10:38:22.358668 2020] [mpm_prefork:notice] [pid 23329] AH00163: Apache/2.4.41 (Ubuntu) configured -- resuming normal operations
[Tue Dec 08 10:38:22.358739 2020] [core:notice] [pid 23329] AH00094: Command line: '/usr/sbin/apache2'
[Tue Dec 08 10:38:22.707381 2020] [mpm_prefork:notice] [pid 23329] AH00169: caught SIGTERM, shutting down
[Tue Dec 08 10:38:22.779275 2020] [mpm_prefork:notice] [pid 23398] AH00163: Apache/2.4.41 (Ubuntu) configured -- resuming normal operations
[Tue Dec 08 10:38:22.782183 2020] [core:notice] [pid 23398] AH00094: Command line: '/usr/sbin/apache2'
[Tue Dec 08 10:39:07.101892 2020] [mpm_prefork:notice] [pid 23398] AH00169: caught SIGTERM, shutting down
[Tue Dec 08 10:39:07.162769 2020] [mpm_prefork:notice] [pid 24287] AH00163: Apache/2.4.41 (Ubuntu) configured -- resuming normal operations
[Tue Dec 08 10:39:07.162869 2020] [core:notice] [pid 24287] AH00094: Command line: '/usr/sbin/apache2'
[Tue Dec 08 10:43:28.581415 2020] [mpm_prefork:notice] [pid 24287] AH00169: caught SIGTERM, shutting down
[Tue Dec 08 10:43:28.646601 2020] [mpm_prefork:notice] [pid 24786] AH00163: Apache/2.4.41 (Ubuntu) configured -- resuming normal operations
[Tue Dec 08 10:43:28.646646 2020] [core:notice] [pid 24786] AH00094: Command line: '/usr/sbin/apache2'
[Tue Dec 08 10:43:48.908524 2020] [mpm_prefork:notice] [pid 24786] AH00169: caught SIGTERM, shutting down
[Tue Dec 08 10:43:48.960252 2020] [mpm_prefork:notice] [pid 24846] AH00163: Apache/2.4.41 (Ubuntu) configured -- resuming normal operations
[Tue Dec 08 10:43:48.960299 2020] [core:notice] [pid 24846] AH00094: Command line: '/usr/sbin/apache2'
[Tue Dec 08 10:55:29.172961 2020] [php7:warn] [pid 25689] [client ::1:47500] PHP Warning:  include(tentrangcanduavao.php): failed to open stream: No such file or directory in /var/www/html/lesson2_php/layout/index.php on line 1
[Tue Dec 08 10:55:29.173096 2020] [php7:warn] [pid 25689] [client ::1:47500] PHP Warning:  include(): Failed opening 'tentrangcanduavao.php' for inclusion (include_path='.:/usr/share/php') in /var/www/html/lesson2_php/layout/index.php on line 1
[Tue Dec 08 11:02:48.895130 2020] [php7:warn] [pid 25688] [client ::1:47614] PHP Warning:  include(tentrangcanduavao.php): failed to open stream: No such file or directory in /var/www/html/lesson2_php/layout/index.php on line 1
[Tue Dec 08 11:02:48.895173 2020] [php7:warn] [pid 25688] [client ::1:47614] PHP Warning:  include(): Failed opening 'tentrangcanduavao.php' for inclusion (include_path='.:/usr/share/php') in /var/www/html/lesson2_php/layout/index.php on line 1
